<?xml version="1.0" encoding="utf-8"?><testsuites><testsuite errors="0" failures="0" hostname="travis-job-46237cbb-8a78-4248-a105-a159881eb9a7" name="pytest" skipped="9" tests="29" time="0.643" timestamp="2019-09-26T16:52:28.194795"><testcase classname="pyfields.core" file="pyfields/core.py" line="173" name="pyfields.core.field" time="0.007"><skipped message="this doctest does not work on python &lt;3.6 beacause `name` is mandatory" type="pytest.skip">&lt;doctest pyfields.core.field[1]&gt;:2: this doctest does not work on python &lt;3.6 beacause `name` is mandatory</skipped></testcase><testcase classname="pyfields.init_makers" file="pyfields/init_makers.py" line="28" name="pyfields.init_makers.inject_fields" time="0.003"><skipped message="doctest skipped" type="pytest.skip">&lt;doctest pyfields.init_makers.inject_fields[1]&gt;:2: doctest skipped</skipped></testcase><testcase classname="pyfields.tests.test_core" file="pyfields/tests/test_core.py" line="18" name="test_field[type_=default_factory-read_first=False]" time="0.002"></testcase><testcase classname="pyfields.tests.test_core" file="pyfields/tests/test_core.py" line="18" name="test_field[type_=default_factory-read_first=True]" time="0.002"></testcase><testcase classname="pyfields.tests.test_core" file="pyfields/tests/test_core.py" line="18" name="test_field[type_=default-read_first=False]" time="0.003"></testcase><testcase classname="pyfields.tests.test_core" file="pyfields/tests/test_core.py" line="18" name="test_field[type_=default-read_first=True]" time="0.002"></testcase><testcase classname="pyfields.tests.test_core" file="pyfields/tests/test_core.py" line="18" name="test_field[type_=mandatory-read_first=False]" time="0.002"></testcase><testcase classname="pyfields.tests.test_core" file="pyfields/tests/test_core.py" line="18" name="test_field[type_=mandatory-read_first=True]" time="0.003"></testcase><testcase classname="pyfields.tests.test_core" file="pyfields/tests/test_core.py" line="54" name="test_type" time="0.002"></testcase><testcase classname="pyfields.tests.test_core" file="pyfields/tests/test_core.py" line="70" name="test_type_from_pep484_annotations" time="0.001"><skipped message="class member annotations are not allowed before python 3.6" type="pytest.skip">pyfields/tests/test_core.py:70: class member annotations are not allowed before python 3.6</skipped></testcase><testcase classname="pyfields.tests.test_core" file="pyfields/tests/test_core.py" line="89" name="test_field_validators[case_nb=1]" time="0.004"></testcase><testcase classname="pyfields.tests.test_core" file="pyfields/tests/test_core.py" line="89" name="test_field_validators[case_nb=2]" time="0.003"></testcase><testcase classname="pyfields.tests.test_core" file="pyfields/tests/test_core.py" line="89" name="test_field_validators[case_nb=3]" time="0.003"></testcase><testcase classname="pyfields.tests.test_core" file="pyfields/tests/test_core.py" line="89" name="test_field_validators[case_nb=4]" time="0.006"></testcase><testcase classname="pyfields.tests.test_core" file="pyfields/tests/test_core.py" line="89" name="test_field_validators[case_nb=5]" time="0.004"></testcase><testcase classname="pyfields.tests.test_core" file="pyfields/tests/test_core.py" line="187" name="test_validator_not_compliant_with_native_field" time="0.001"></testcase><testcase classname="pyfields.tests.test_core" file="pyfields/tests/test_core.py" line="194" name="test_init_all_methods[py36_style_type_hints=False-explicit_list=False-init_type=inject_fields]" time="0.003"></testcase><testcase classname="pyfields.tests.test_core" file="pyfields/tests/test_core.py" line="194" name="test_init_all_methods[py36_style_type_hints=False-explicit_list=False-init_type=make_init]" time="0.003"></testcase><testcase classname="pyfields.tests.test_core" file="pyfields/tests/test_core.py" line="194" name="test_init_all_methods[py36_style_type_hints=False-explicit_list=False-init_type=make_init_with_postinit]" time="0.003"><system-out>post init man !
post init man !
</system-out></testcase><testcase classname="pyfields.tests.test_core" file="pyfields/tests/test_core.py" line="194" name="test_init_all_methods[py36_style_type_hints=False-explicit_list=True-init_type=inject_fields]" time="0.003"></testcase><testcase classname="pyfields.tests.test_core" file="pyfields/tests/test_core.py" line="194" name="test_init_all_methods[py36_style_type_hints=False-explicit_list=True-init_type=make_init]" time="0.003"></testcase><testcase classname="pyfields.tests.test_core" file="pyfields/tests/test_core.py" line="194" name="test_init_all_methods[py36_style_type_hints=False-explicit_list=True-init_type=make_init_with_postinit]" time="0.003"><system-out>post init man !
post init man !
</system-out></testcase><testcase classname="pyfields.tests.test_core" file="pyfields/tests/test_core.py" line="194" name="test_init_all_methods[py36_style_type_hints=True-explicit_list=False-init_type=inject_fields]" time="0.002"><skipped message="&lt;Skipped instance&gt;" type="pytest.skip">/home/travis/build/smarie/python-pyfields/pyfields/tests/test_core.py:202: &lt;Skipped instance&gt;</skipped></testcase><testcase classname="pyfields.tests.test_core" file="pyfields/tests/test_core.py" line="194" name="test_init_all_methods[py36_style_type_hints=True-explicit_list=False-init_type=make_init]" time="0.002"><skipped message="&lt;Skipped instance&gt;" type="pytest.skip">/home/travis/build/smarie/python-pyfields/pyfields/tests/test_core.py:202: &lt;Skipped instance&gt;</skipped></testcase><testcase classname="pyfields.tests.test_core" file="pyfields/tests/test_core.py" line="194" name="test_init_all_methods[py36_style_type_hints=True-explicit_list=False-init_type=make_init_with_postinit]" time="0.002"><skipped message="&lt;Skipped instance&gt;" type="pytest.skip">/home/travis/build/smarie/python-pyfields/pyfields/tests/test_core.py:202: &lt;Skipped instance&gt;</skipped></testcase><testcase classname="pyfields.tests.test_core" file="pyfields/tests/test_core.py" line="194" name="test_init_all_methods[py36_style_type_hints=True-explicit_list=True-init_type=inject_fields]" time="0.002"><skipped message="&lt;Skipped instance&gt;" type="pytest.skip">/home/travis/build/smarie/python-pyfields/pyfields/tests/test_core.py:202: &lt;Skipped instance&gt;</skipped></testcase><testcase classname="pyfields.tests.test_core" file="pyfields/tests/test_core.py" line="194" name="test_init_all_methods[py36_style_type_hints=True-explicit_list=True-init_type=make_init]" time="0.002"><skipped message="&lt;Skipped instance&gt;" type="pytest.skip">/home/travis/build/smarie/python-pyfields/pyfields/tests/test_core.py:202: &lt;Skipped instance&gt;</skipped></testcase><testcase classname="pyfields.tests.test_core" file="pyfields/tests/test_core.py" line="194" name="test_init_all_methods[py36_style_type_hints=True-explicit_list=True-init_type=make_init_with_postinit]" time="0.002"><skipped message="&lt;Skipped instance&gt;" type="pytest.skip">/home/travis/build/smarie/python-pyfields/pyfields/tests/test_core.py:202: &lt;Skipped instance&gt;</skipped></testcase><testcase classname="pyfields.tests.test_core" file="pyfields/tests/test_core.py" line="277" name="test_init_partial_fields" time="0.004"><system-out>post init man !
post init man !
</system-out></testcase></testsuite></testsuites>