<?xml version="1.0" encoding="utf-8"?><testsuites><testsuite errors="0" failures="0" hostname="travis-job-b9167939-1eaf-4c47-88ad-fd186b3df3c4" name="pytest" skipped="23" tests="153" time="5.057" timestamp="2019-10-25T15:19:30.620982"><testcase classname="pyfields.core" file="pyfields/core.py" line="450" name="pyfields.core.Field.converter" time="0.008"><skipped message="skipped on python &lt;3.6" type="pytest.skip">&lt;doctest pyfields.core.Field.converter[1]&gt;:1: skipped on python &lt;3.6</skipped></testcase><testcase classname="pyfields.core" file="pyfields/core.py" line="313" name="pyfields.core.Field.default_factory" time="0.002"><skipped message="doctest skipped for python &lt; 3.6" type="pytest.skip">&lt;doctest pyfields.core.Field.default_factory[1]&gt;:1: doctest skipped for python &lt; 3.6</skipped></testcase><testcase classname="pyfields.core" file="pyfields/core.py" line="346" name="pyfields.core.Field.validator" time="0.002"><skipped message="skipped on python &lt;3.6" type="pytest.skip">&lt;doctest pyfields.core.Field.validator[1]&gt;:1: skipped on python &lt;3.6</skipped></testcase><testcase classname="pyfields.core" file="pyfields/core.py" line="575" name="pyfields.core.field" time="0.002"><skipped message="skipped on python &lt;3.6" type="pytest.skip">&lt;doctest pyfields.core.field[1]&gt;:1: skipped on python &lt;3.6</skipped></testcase><testcase classname="pyfields.init_makers" file="pyfields/init_makers.py" line="29" name="pyfields.init_makers.init_fields" time="0.002"><skipped message="doctest skipped" type="pytest.skip">&lt;doctest pyfields.init_makers.init_fields[1]&gt;:1: doctest skipped</skipped></testcase><testcase classname="pyfields.init_makers" file="pyfields/init_makers.py" line="97" name="pyfields.init_makers.inject_fields" time="0.002"><skipped message="doctest skipped" type="pytest.skip">&lt;doctest pyfields.init_makers.inject_fields[1]&gt;:1: doctest skipped</skipped></testcase><testcase classname="pyfields.init_makers" file="pyfields/init_makers.py" line="156" name="pyfields.init_makers.make_init" time="0.002"><skipped message="doctest skipped" type="pytest.skip">&lt;doctest pyfields.init_makers.make_init[1]&gt;:1: doctest skipped</skipped></testcase><testcase classname="pyfields.tests.test_core" file="pyfields/tests/test_core.py" line="20" name="test_field[read_only=False-type_=default_factory-write_before_reading=False]" time="0.002"></testcase><testcase classname="pyfields.tests.test_core" file="pyfields/tests/test_core.py" line="20" name="test_field[read_only=False-type_=default_factory-write_before_reading=True]" time="0.002"></testcase><testcase classname="pyfields.tests.test_core" file="pyfields/tests/test_core.py" line="20" name="test_field[read_only=False-type_=default-write_before_reading=False]" time="0.002"></testcase><testcase classname="pyfields.tests.test_core" file="pyfields/tests/test_core.py" line="20" name="test_field[read_only=False-type_=default-write_before_reading=True]" time="0.002"></testcase><testcase classname="pyfields.tests.test_core" file="pyfields/tests/test_core.py" line="20" name="test_field[read_only=False-type_=mandatory-write_before_reading=False]" time="0.002"></testcase><testcase classname="pyfields.tests.test_core" file="pyfields/tests/test_core.py" line="20" name="test_field[read_only=False-type_=mandatory-write_before_reading=True]" time="0.002"></testcase><testcase classname="pyfields.tests.test_core" file="pyfields/tests/test_core.py" line="20" name="test_field[read_only=True-type_=default_factory-write_before_reading=False]" time="0.001"></testcase><testcase classname="pyfields.tests.test_core" file="pyfields/tests/test_core.py" line="20" name="test_field[read_only=True-type_=default_factory-write_before_reading=True]" time="0.003"></testcase><testcase classname="pyfields.tests.test_core" file="pyfields/tests/test_core.py" line="20" name="test_field[read_only=True-type_=default-write_before_reading=False]" time="0.002"></testcase><testcase classname="pyfields.tests.test_core" file="pyfields/tests/test_core.py" line="20" name="test_field[read_only=True-type_=default-write_before_reading=True]" time="0.002"></testcase><testcase classname="pyfields.tests.test_core" file="pyfields/tests/test_core.py" line="20" name="test_field[read_only=True-type_=mandatory-write_before_reading=False]" time="0.002"></testcase><testcase classname="pyfields.tests.test_core" file="pyfields/tests/test_core.py" line="20" name="test_field[read_only=True-type_=mandatory-write_before_reading=True]" time="0.002"></testcase><testcase classname="pyfields.tests.test_core" file="pyfields/tests/test_core.py" line="79" name="test_slots" time="0.001"></testcase><testcase classname="pyfields.tests.test_core" file="pyfields/tests/test_core.py" line="115" name="test_slots2" time="0.001"></testcase><testcase classname="pyfields.tests.test_core" file="pyfields/tests/test_core.py" line="127" name="test_default_factory" time="0.001"></testcase><testcase classname="pyfields.tests.test_core" file="pyfields/tests/test_core.py" line="161" name="test_type" time="0.001"></testcase><testcase classname="pyfields.tests.test_core" file="pyfields/tests/test_core.py" line="181" name="test_type_multiple_tuple" time="0.002"></testcase><testcase classname="pyfields.tests.test_core" file="pyfields/tests/test_core.py" line="204" name="test_type_multiple_typing" time="0.002"></testcase><testcase classname="pyfields.tests.test_core" file="pyfields/tests/test_core.py" line="227" name="test_type_from_pep484_annotations" time="0.000"><skipped message="class member annotations are not allowed before python 3.6" type="pytest.skip">pyfields/tests/test_core.py:227: class member annotations are not allowed before python 3.6</skipped></testcase><testcase classname="pyfields.tests.test_core" file="pyfields/tests/test_core.py" line="246" name="test_field_validators[case_nb=1]" time="0.003"></testcase><testcase classname="pyfields.tests.test_core" file="pyfields/tests/test_core.py" line="246" name="test_field_validators[case_nb=2]" time="0.002"></testcase><testcase classname="pyfields.tests.test_core" file="pyfields/tests/test_core.py" line="246" name="test_field_validators[case_nb=3]" time="0.003"></testcase><testcase classname="pyfields.tests.test_core" file="pyfields/tests/test_core.py" line="246" name="test_field_validators[case_nb=4]" time="0.003"></testcase><testcase classname="pyfields.tests.test_core" file="pyfields/tests/test_core.py" line="246" name="test_field_validators[case_nb=5]" time="0.003"></testcase><testcase classname="pyfields.tests.test_core" file="pyfields/tests/test_core.py" line="345" name="test_field_validators_decorator[explicit=False]" time="0.001"></testcase><testcase classname="pyfields.tests.test_core" file="pyfields/tests/test_core.py" line="345" name="test_field_validators_decorator[explicit=True]" time="0.002"></testcase><testcase classname="pyfields.tests.test_core" file="pyfields/tests/test_core.py" line="397" name="test_validator_not_compliant_with_native_field" time="0.001"></testcase><testcase classname="pyfields.tests.test_core" file="pyfields/tests/test_core.py" line="404" name="test_field_converters_decorator[explicit=False]" time="0.001"></testcase><testcase classname="pyfields.tests.test_core" file="pyfields/tests/test_core.py" line="404" name="test_field_converters_decorator[explicit=True]" time="0.002"></testcase><testcase classname="pyfields.tests.test_core" file="pyfields/tests/test_core.py" line="448" name="test_converter_not_compliant_with_native_field" time="0.001"></testcase><testcase classname="pyfields.tests.test_core" file="pyfields/tests/test_core.py" line="455" name="test_converters[format=single_converter-nbargs=1-validator_return_none=False]" time="0.004"></testcase><testcase classname="pyfields.tests.test_core" file="pyfields/tests/test_core.py" line="455" name="test_converters[format=single_converter-nbargs=1-validator_return_none=True]" time="0.002"></testcase><testcase classname="pyfields.tests.test_core" file="pyfields/tests/test_core.py" line="455" name="test_converters[format=single_converter-nbargs=2-validator_return_none=False]" time="0.002"></testcase><testcase classname="pyfields.tests.test_core" file="pyfields/tests/test_core.py" line="455" name="test_converters[format=single_converter-nbargs=2-validator_return_none=True]" time="0.003"></testcase><testcase classname="pyfields.tests.test_core" file="pyfields/tests/test_core.py" line="455" name="test_converters[format=single_converter-nbargs=3-validator_return_none=False]" time="0.003"></testcase><testcase classname="pyfields.tests.test_core" file="pyfields/tests/test_core.py" line="455" name="test_converters[format=single_converter-nbargs=3-validator_return_none=True]" time="0.003"></testcase><testcase classname="pyfields.tests.test_core" file="pyfields/tests/test_core.py" line="455" name="test_converters[format=single_fun-nbargs=1-validator_return_none=False]" time="0.003"></testcase><testcase classname="pyfields.tests.test_core" file="pyfields/tests/test_core.py" line="455" name="test_converters[format=single_fun-nbargs=1-validator_return_none=True]" time="0.004"></testcase><testcase classname="pyfields.tests.test_core" file="pyfields/tests/test_core.py" line="455" name="test_converters[format=single_fun-nbargs=2-validator_return_none=False]" time="0.003"></testcase><testcase classname="pyfields.tests.test_core" file="pyfields/tests/test_core.py" line="455" name="test_converters[format=single_fun-nbargs=2-validator_return_none=True]" time="0.003"></testcase><testcase classname="pyfields.tests.test_core" file="pyfields/tests/test_core.py" line="455" name="test_converters[format=single_fun-nbargs=3-validator_return_none=False]" time="0.003"></testcase><testcase classname="pyfields.tests.test_core" file="pyfields/tests/test_core.py" line="455" name="test_converters[format=single_fun-nbargs=3-validator_return_none=True]" time="0.003"></testcase><testcase classname="pyfields.tests.test_core" file="pyfields/tests/test_core.py" line="455" name="test_converters[format=(v_fun, c_fun)-nbargs=1-validator_return_none=False]" time="0.003"></testcase><testcase classname="pyfields.tests.test_core" file="pyfields/tests/test_core.py" line="455" name="test_converters[format=(v_fun, c_fun)-nbargs=1-validator_return_none=True]" time="0.003"></testcase><testcase classname="pyfields.tests.test_core" file="pyfields/tests/test_core.py" line="455" name="test_converters[format=(v_fun, c_fun)-nbargs=2-validator_return_none=False]" time="0.003"></testcase><testcase classname="pyfields.tests.test_core" file="pyfields/tests/test_core.py" line="455" name="test_converters[format=(v_fun, c_fun)-nbargs=2-validator_return_none=True]" time="0.003"></testcase><testcase classname="pyfields.tests.test_core" file="pyfields/tests/test_core.py" line="455" name="test_converters[format=(v_fun, c_fun)-nbargs=3-validator_return_none=False]" time="0.003"></testcase><testcase classname="pyfields.tests.test_core" file="pyfields/tests/test_core.py" line="455" name="test_converters[format=(v_fun, c_fun)-nbargs=3-validator_return_none=True]" time="0.004"></testcase><testcase classname="pyfields.tests.test_core" file="pyfields/tests/test_core.py" line="455" name="test_converters[format=(v_type, c_fun)-nbargs=1-validator_return_none=False]" time="0.004"></testcase><testcase classname="pyfields.tests.test_core" file="pyfields/tests/test_core.py" line="455" name="test_converters[format=(v_type, c_fun)-nbargs=1-validator_return_none=True]" time="0.004"></testcase><testcase classname="pyfields.tests.test_core" file="pyfields/tests/test_core.py" line="455" name="test_converters[format=(v_type, c_fun)-nbargs=2-validator_return_none=False]" time="0.004"></testcase><testcase classname="pyfields.tests.test_core" file="pyfields/tests/test_core.py" line="455" name="test_converters[format=(v_type, c_fun)-nbargs=2-validator_return_none=True]" time="0.004"></testcase><testcase classname="pyfields.tests.test_core" file="pyfields/tests/test_core.py" line="455" name="test_converters[format=(v_type, c_fun)-nbargs=3-validator_return_none=False]" time="0.004"></testcase><testcase classname="pyfields.tests.test_core" file="pyfields/tests/test_core.py" line="455" name="test_converters[format=(v_type, c_fun)-nbargs=3-validator_return_none=True]" time="0.004"></testcase><testcase classname="pyfields.tests.test_core" file="pyfields/tests/test_core.py" line="455" name="test_converters[format=(joker, c_fun)-nbargs=1-validator_return_none=False]" time="0.004"></testcase><testcase classname="pyfields.tests.test_core" file="pyfields/tests/test_core.py" line="455" name="test_converters[format=(joker, c_fun)-nbargs=1-validator_return_none=True]" time="0.003"></testcase><testcase classname="pyfields.tests.test_core" file="pyfields/tests/test_core.py" line="455" name="test_converters[format=(joker, c_fun)-nbargs=2-validator_return_none=False]" time="0.003"></testcase><testcase classname="pyfields.tests.test_core" file="pyfields/tests/test_core.py" line="455" name="test_converters[format=(joker, c_fun)-nbargs=2-validator_return_none=True]" time="0.003"></testcase><testcase classname="pyfields.tests.test_core" file="pyfields/tests/test_core.py" line="455" name="test_converters[format=(joker, c_fun)-nbargs=3-validator_return_none=False]" time="0.003"></testcase><testcase classname="pyfields.tests.test_core" file="pyfields/tests/test_core.py" line="455" name="test_converters[format=(joker, c_fun)-nbargs=3-validator_return_none=True]" time="0.003"></testcase><testcase classname="pyfields.tests.test_core" file="pyfields/tests/test_core.py" line="455" name="test_converters[format=(None, c_fun)-nbargs=1-validator_return_none=False]" time="0.003"></testcase><testcase classname="pyfields.tests.test_core" file="pyfields/tests/test_core.py" line="455" name="test_converters[format=(None, c_fun)-nbargs=1-validator_return_none=True]" time="0.003"></testcase><testcase classname="pyfields.tests.test_core" file="pyfields/tests/test_core.py" line="455" name="test_converters[format=(None, c_fun)-nbargs=2-validator_return_none=False]" time="0.003"></testcase><testcase classname="pyfields.tests.test_core" file="pyfields/tests/test_core.py" line="455" name="test_converters[format=(None, c_fun)-nbargs=2-validator_return_none=True]" time="0.004"></testcase><testcase classname="pyfields.tests.test_core" file="pyfields/tests/test_core.py" line="455" name="test_converters[format=(None, c_fun)-nbargs=3-validator_return_none=False]" time="0.003"></testcase><testcase classname="pyfields.tests.test_core" file="pyfields/tests/test_core.py" line="455" name="test_converters[format=(None, c_fun)-nbargs=3-validator_return_none=True]" time="0.003"></testcase><testcase classname="pyfields.tests.test_core" file="pyfields/tests/test_core.py" line="455" name="test_converters[format={v_fun: c_fun}-nbargs=1-validator_return_none=False]" time="0.003"></testcase><testcase classname="pyfields.tests.test_core" file="pyfields/tests/test_core.py" line="455" name="test_converters[format={v_fun: c_fun}-nbargs=1-validator_return_none=True]" time="0.004"></testcase><testcase classname="pyfields.tests.test_core" file="pyfields/tests/test_core.py" line="455" name="test_converters[format={v_fun: c_fun}-nbargs=2-validator_return_none=False]" time="0.003"></testcase><testcase classname="pyfields.tests.test_core" file="pyfields/tests/test_core.py" line="455" name="test_converters[format={v_fun: c_fun}-nbargs=2-validator_return_none=True]" time="0.004"></testcase><testcase classname="pyfields.tests.test_core" file="pyfields/tests/test_core.py" line="455" name="test_converters[format={v_fun: c_fun}-nbargs=3-validator_return_none=False]" time="0.003"></testcase><testcase classname="pyfields.tests.test_core" file="pyfields/tests/test_core.py" line="455" name="test_converters[format={v_fun: c_fun}-nbargs=3-validator_return_none=True]" time="0.003"></testcase><testcase classname="pyfields.tests.test_core" file="pyfields/tests/test_core.py" line="455" name="test_converters[format={v_type: c_fun}-nbargs=1-validator_return_none=False]" time="0.004"></testcase><testcase classname="pyfields.tests.test_core" file="pyfields/tests/test_core.py" line="455" name="test_converters[format={v_type: c_fun}-nbargs=1-validator_return_none=True]" time="0.003"></testcase><testcase classname="pyfields.tests.test_core" file="pyfields/tests/test_core.py" line="455" name="test_converters[format={v_type: c_fun}-nbargs=2-validator_return_none=False]" time="0.003"></testcase><testcase classname="pyfields.tests.test_core" file="pyfields/tests/test_core.py" line="455" name="test_converters[format={v_type: c_fun}-nbargs=2-validator_return_none=True]" time="0.004"></testcase><testcase classname="pyfields.tests.test_core" file="pyfields/tests/test_core.py" line="455" name="test_converters[format={v_type: c_fun}-nbargs=3-validator_return_none=False]" time="0.004"></testcase><testcase classname="pyfields.tests.test_core" file="pyfields/tests/test_core.py" line="455" name="test_converters[format={v_type: c_fun}-nbargs=3-validator_return_none=True]" time="0.004"></testcase><testcase classname="pyfields.tests.test_core" file="pyfields/tests/test_core.py" line="455" name="test_converters[format={joker: c_fun}-nbargs=1-validator_return_none=False]" time="0.003"></testcase><testcase classname="pyfields.tests.test_core" file="pyfields/tests/test_core.py" line="455" name="test_converters[format={joker: c_fun}-nbargs=1-validator_return_none=True]" time="0.003"></testcase><testcase classname="pyfields.tests.test_core" file="pyfields/tests/test_core.py" line="455" name="test_converters[format={joker: c_fun}-nbargs=2-validator_return_none=False]" time="0.003"></testcase><testcase classname="pyfields.tests.test_core" file="pyfields/tests/test_core.py" line="455" name="test_converters[format={joker: c_fun}-nbargs=2-validator_return_none=True]" time="0.003"></testcase><testcase classname="pyfields.tests.test_core" file="pyfields/tests/test_core.py" line="455" name="test_converters[format={joker: c_fun}-nbargs=3-validator_return_none=False]" time="0.003"></testcase><testcase classname="pyfields.tests.test_core" file="pyfields/tests/test_core.py" line="455" name="test_converters[format={joker: c_fun}-nbargs=3-validator_return_none=True]" time="0.003"></testcase><testcase classname="pyfields.tests.test_core" file="pyfields/tests/test_core.py" line="455" name="test_converters[format={None: c_fun}-nbargs=1-validator_return_none=False]" time="0.004"></testcase><testcase classname="pyfields.tests.test_core" file="pyfields/tests/test_core.py" line="455" name="test_converters[format={None: c_fun}-nbargs=1-validator_return_none=True]" time="0.003"></testcase><testcase classname="pyfields.tests.test_core" file="pyfields/tests/test_core.py" line="455" name="test_converters[format={None: c_fun}-nbargs=2-validator_return_none=False]" time="0.003"></testcase><testcase classname="pyfields.tests.test_core" file="pyfields/tests/test_core.py" line="455" name="test_converters[format={None: c_fun}-nbargs=2-validator_return_none=True]" time="0.003"></testcase><testcase classname="pyfields.tests.test_core" file="pyfields/tests/test_core.py" line="455" name="test_converters[format={None: c_fun}-nbargs=3-validator_return_none=False]" time="0.003"></testcase><testcase classname="pyfields.tests.test_core" file="pyfields/tests/test_core.py" line="455" name="test_converters[format={None: c_fun}-nbargs=3-validator_return_none=True]" time="0.003"></testcase><testcase classname="pyfields.tests.test_core" file="pyfields/tests/test_core.py" line="608" name="test_inheritance" time="0.001"></testcase><testcase classname="pyfields.tests.test_core" file="pyfields/tests/test_core.py" line="633" name="test_pickle" time="0.002"></testcase><testcase classname="pyfields.tests.test_init" file="pyfields/tests/test_init.py" line="10" name="test_init_all_methods[py36_style_type_hints=False-explicit_list=False-init_type=inject_fields-native=False]" time="0.003"></testcase><testcase classname="pyfields.tests.test_init" file="pyfields/tests/test_init.py" line="10" name="test_init_all_methods[py36_style_type_hints=False-explicit_list=False-init_type=inject_fields-native=True]" time="0.003"></testcase><testcase classname="pyfields.tests.test_init" file="pyfields/tests/test_init.py" line="10" name="test_init_all_methods[py36_style_type_hints=False-explicit_list=False-init_type=make_init-native=False]" time="0.003"></testcase><testcase classname="pyfields.tests.test_init" file="pyfields/tests/test_init.py" line="10" name="test_init_all_methods[py36_style_type_hints=False-explicit_list=False-init_type=make_init-native=True]" time="0.004"></testcase><testcase classname="pyfields.tests.test_init" file="pyfields/tests/test_init.py" line="10" name="test_init_all_methods[py36_style_type_hints=False-explicit_list=False-init_type=make_init_with_postinit-native=False]" time="0.004"></testcase><testcase classname="pyfields.tests.test_init" file="pyfields/tests/test_init.py" line="10" name="test_init_all_methods[py36_style_type_hints=False-explicit_list=False-init_type=make_init_with_postinit-native=True]" time="0.003"></testcase><testcase classname="pyfields.tests.test_init" file="pyfields/tests/test_init.py" line="10" name="test_init_all_methods[py36_style_type_hints=False-explicit_list=True-init_type=inject_fields-native=False]" time="0.003"></testcase><testcase classname="pyfields.tests.test_init" file="pyfields/tests/test_init.py" line="10" name="test_init_all_methods[py36_style_type_hints=False-explicit_list=True-init_type=inject_fields-native=True]" time="0.003"></testcase><testcase classname="pyfields.tests.test_init" file="pyfields/tests/test_init.py" line="10" name="test_init_all_methods[py36_style_type_hints=False-explicit_list=True-init_type=make_init-native=False]" time="0.003"></testcase><testcase classname="pyfields.tests.test_init" file="pyfields/tests/test_init.py" line="10" name="test_init_all_methods[py36_style_type_hints=False-explicit_list=True-init_type=make_init-native=True]" time="0.003"></testcase><testcase classname="pyfields.tests.test_init" file="pyfields/tests/test_init.py" line="10" name="test_init_all_methods[py36_style_type_hints=False-explicit_list=True-init_type=make_init_with_postinit-native=False]" time="0.005"></testcase><testcase classname="pyfields.tests.test_init" file="pyfields/tests/test_init.py" line="10" name="test_init_all_methods[py36_style_type_hints=False-explicit_list=True-init_type=make_init_with_postinit-native=True]" time="0.003"></testcase><testcase classname="pyfields.tests.test_init" file="pyfields/tests/test_init.py" line="10" name="test_init_all_methods[py36_style_type_hints=True-explicit_list=False-init_type=inject_fields-native=False]" time="0.002"><skipped message="&lt;Skipped instance&gt;" type="pytest.skip">/home/travis/build/smarie/python-pyfields/pyfields/tests/test_init.py:20: &lt;Skipped instance&gt;</skipped></testcase><testcase classname="pyfields.tests.test_init" file="pyfields/tests/test_init.py" line="10" name="test_init_all_methods[py36_style_type_hints=True-explicit_list=False-init_type=inject_fields-native=True]" time="0.002"><skipped message="&lt;Skipped instance&gt;" type="pytest.skip">/home/travis/build/smarie/python-pyfields/pyfields/tests/test_init.py:20: &lt;Skipped instance&gt;</skipped></testcase><testcase classname="pyfields.tests.test_init" file="pyfields/tests/test_init.py" line="10" name="test_init_all_methods[py36_style_type_hints=True-explicit_list=False-init_type=make_init-native=False]" time="0.002"><skipped message="&lt;Skipped instance&gt;" type="pytest.skip">/home/travis/build/smarie/python-pyfields/pyfields/tests/test_init.py:20: &lt;Skipped instance&gt;</skipped></testcase><testcase classname="pyfields.tests.test_init" file="pyfields/tests/test_init.py" line="10" name="test_init_all_methods[py36_style_type_hints=True-explicit_list=False-init_type=make_init-native=True]" time="0.003"><skipped message="&lt;Skipped instance&gt;" type="pytest.skip">/home/travis/build/smarie/python-pyfields/pyfields/tests/test_init.py:20: &lt;Skipped instance&gt;</skipped></testcase><testcase classname="pyfields.tests.test_init" file="pyfields/tests/test_init.py" line="10" name="test_init_all_methods[py36_style_type_hints=True-explicit_list=False-init_type=make_init_with_postinit-native=False]" time="0.002"><skipped message="&lt;Skipped instance&gt;" type="pytest.skip">/home/travis/build/smarie/python-pyfields/pyfields/tests/test_init.py:20: &lt;Skipped instance&gt;</skipped></testcase><testcase classname="pyfields.tests.test_init" file="pyfields/tests/test_init.py" line="10" name="test_init_all_methods[py36_style_type_hints=True-explicit_list=False-init_type=make_init_with_postinit-native=True]" time="0.002"><skipped message="&lt;Skipped instance&gt;" type="pytest.skip">/home/travis/build/smarie/python-pyfields/pyfields/tests/test_init.py:20: &lt;Skipped instance&gt;</skipped></testcase><testcase classname="pyfields.tests.test_init" file="pyfields/tests/test_init.py" line="10" name="test_init_all_methods[py36_style_type_hints=True-explicit_list=True-init_type=inject_fields-native=False]" time="0.002"><skipped message="&lt;Skipped instance&gt;" type="pytest.skip">/home/travis/build/smarie/python-pyfields/pyfields/tests/test_init.py:20: &lt;Skipped instance&gt;</skipped></testcase><testcase classname="pyfields.tests.test_init" file="pyfields/tests/test_init.py" line="10" name="test_init_all_methods[py36_style_type_hints=True-explicit_list=True-init_type=inject_fields-native=True]" time="0.002"><skipped message="&lt;Skipped instance&gt;" type="pytest.skip">/home/travis/build/smarie/python-pyfields/pyfields/tests/test_init.py:20: &lt;Skipped instance&gt;</skipped></testcase><testcase classname="pyfields.tests.test_init" file="pyfields/tests/test_init.py" line="10" name="test_init_all_methods[py36_style_type_hints=True-explicit_list=True-init_type=make_init-native=False]" time="0.003"><skipped message="&lt;Skipped instance&gt;" type="pytest.skip">/home/travis/build/smarie/python-pyfields/pyfields/tests/test_init.py:20: &lt;Skipped instance&gt;</skipped></testcase><testcase classname="pyfields.tests.test_init" file="pyfields/tests/test_init.py" line="10" name="test_init_all_methods[py36_style_type_hints=True-explicit_list=True-init_type=make_init-native=True]" time="0.002"><skipped message="&lt;Skipped instance&gt;" type="pytest.skip">/home/travis/build/smarie/python-pyfields/pyfields/tests/test_init.py:20: &lt;Skipped instance&gt;</skipped></testcase><testcase classname="pyfields.tests.test_init" file="pyfields/tests/test_init.py" line="10" name="test_init_all_methods[py36_style_type_hints=True-explicit_list=True-init_type=make_init_with_postinit-native=False]" time="0.002"><skipped message="&lt;Skipped instance&gt;" type="pytest.skip">/home/travis/build/smarie/python-pyfields/pyfields/tests/test_init.py:20: &lt;Skipped instance&gt;</skipped></testcase><testcase classname="pyfields.tests.test_init" file="pyfields/tests/test_init.py" line="10" name="test_init_all_methods[py36_style_type_hints=True-explicit_list=True-init_type=make_init_with_postinit-native=True]" time="0.002"><skipped message="&lt;Skipped instance&gt;" type="pytest.skip">/home/travis/build/smarie/python-pyfields/pyfields/tests/test_init.py:20: &lt;Skipped instance&gt;</skipped></testcase><testcase classname="pyfields.tests.test_init" file="pyfields/tests/test_init.py" line="111" name="test_init_partial_fields" time="0.002"></testcase><testcase classname="pyfields.tests.test_init" file="pyfields/tests/test_init.py" line="134" name="test_init_order" time="0.002"></testcase><testcase classname="pyfields.tests.test_init" file="pyfields/tests/test_init.py" line="149" name="test_init_order2" time="0.003"></testcase><testcase classname="pyfields.tests.test_readme" file="pyfields/tests/test_readme.py" line="14" name="test_lazy_fields" time="0.002"></testcase><testcase classname="pyfields.tests.test_readme" file="pyfields/tests/test_readme.py" line="44" name="test_default_factory[use_decorator=False]" time="0.002"></testcase><testcase classname="pyfields.tests.test_readme" file="pyfields/tests/test_readme.py" line="44" name="test_default_factory[use_decorator=True]" time="0.002"></testcase><testcase classname="pyfields.tests.test_readme" file="pyfields/tests/test_readme.py" line="73" name="test_readonly_field" time="0.002"></testcase><testcase classname="pyfields.tests.test_readme" file="pyfields/tests/test_readme.py" line="97" name="test_type_validation[py36_style_type_hints=False]" time="0.002"></testcase><testcase classname="pyfields.tests.test_readme" file="pyfields/tests/test_readme.py" line="97" name="test_type_validation[py36_style_type_hints=True]" time="0.001"><skipped message="&lt;Skipped instance&gt;" type="pytest.skip">/home/travis/build/smarie/python-pyfields/pyfields/tests/test_readme.py:102: &lt;Skipped instance&gt;</skipped></testcase><testcase classname="pyfields.tests.test_readme" file="pyfields/tests/test_readme.py" line="118" name="test_value_validation[py36_style_type_hints=False]" time="0.003"></testcase><testcase classname="pyfields.tests.test_readme" file="pyfields/tests/test_readme.py" line="118" name="test_value_validation[py36_style_type_hints=True]" time="0.001"><skipped message="&lt;Skipped instance&gt;" type="pytest.skip">/home/travis/build/smarie/python-pyfields/pyfields/tests/test_readme.py:125: &lt;Skipped instance&gt;</skipped></testcase><testcase classname="pyfields.tests.test_readme" file="pyfields/tests/test_readme.py" line="157" name="test_value_validation_advanced[py36_style_type_hints=False]" time="0.003"></testcase><testcase classname="pyfields.tests.test_readme" file="pyfields/tests/test_readme.py" line="157" name="test_value_validation_advanced[py36_style_type_hints=True]" time="0.002"><skipped message="&lt;Skipped instance&gt;" type="pytest.skip">/home/travis/build/smarie/python-pyfields/pyfields/tests/test_readme.py:170: &lt;Skipped instance&gt;</skipped></testcase><testcase classname="pyfields.tests.test_readme" file="pyfields/tests/test_readme.py" line="192" name="test_nonable_fields[declaration=typing]" time="0.003"></testcase><testcase classname="pyfields.tests.test_readme" file="pyfields/tests/test_readme.py" line="192" name="test_nonable_fields[declaration=default_value]" time="0.003"></testcase><testcase classname="pyfields.tests.test_readme" file="pyfields/tests/test_readme.py" line="192" name="test_nonable_fields[declaration=explicit_nonable]" time="0.002"></testcase><testcase classname="pyfields.tests.test_readme" file="pyfields/tests/test_readme.py" line="235" name="test_native_descriptors" time="3.700"></testcase><testcase classname="pyfields.tests.test_readme" file="pyfields/tests/test_readme.py" line="282" name="test_make_init_full_defaults" time="0.006"></testcase><testcase classname="pyfields.tests.test_readme" file="pyfields/tests/test_readme.py" line="301" name="test_make_init_with_explicit_list" time="0.002"></testcase><testcase classname="pyfields.tests.test_readme" file="pyfields/tests/test_readme.py" line="314" name="test_make_init_with_inheritance" time="0.002"></testcase><testcase classname="pyfields.tests.test_readme" file="pyfields/tests/test_readme.py" line="330" name="test_make_init_callback" time="0.003"></testcase><testcase classname="pyfields.tests.test_readme" file="pyfields/tests/test_readme.py" line="351" name="test_init_fields" time="0.003"></testcase><testcase classname="pyfields.tests.test_so" file="pyfields/tests/test_so.py" line="10" name="test_so0" time="0.003"></testcase><testcase classname="pyfields.tests.test_so" file="pyfields/tests/test_so.py" line="35" name="test_so1" time="0.003"></testcase><testcase classname="pyfields.tests.test_so" file="pyfields/tests/test_so.py" line="60" name="test_so2" time="0.002"></testcase><testcase classname="pyfields.tests.test_so" file="pyfields/tests/test_so.py" line="79" name="test_so3" time="0.002"></testcase><testcase classname="pyfields.tests.test_so" file="pyfields/tests/test_so.py" line="97" name="test_so4" time="0.004"></testcase><testcase classname="pyfields.tests.test_so" file="pyfields/tests/test_so.py" line="133" name="test_so5" time="0.003"></testcase><testcase classname="pyfields.tests.test_so" file="pyfields/tests/test_so.py" line="169" name="test_so6" time="0.004"></testcase><testcase classname="pyfields.tests.test_so" file="pyfields/tests/test_so.py" line="192" name="test_so7" time="0.009"></testcase></testsuite></testsuites>