<?xml version="1.0" encoding="utf-8"?><testsuites><testsuite errors="0" failures="0" hostname="travis-job-3c54b851-dc78-4d22-8b34-9ec775d5243b" name="pytest" skipped="10" tests="35" time="0.679" timestamp="2019-09-27T16:16:44.530443"><testcase classname="pyfields.core" file="pyfields/core.py" line="173" name="pyfields.core.field" time="0.007"><skipped message="this doctest does not work on python &lt;3.6 beacause `name` is mandatory" type="pytest.skip">&lt;doctest pyfields.core.field[1]&gt;:2: this doctest does not work on python &lt;3.6 beacause `name` is mandatory</skipped></testcase><testcase classname="pyfields.init_makers" file="pyfields/init_makers.py" line="31" name="pyfields.init_makers.make_init" time="0.003"><skipped message="doctest skipped" type="pytest.skip">&lt;doctest pyfields.init_makers.make_init[1]&gt;:2: doctest skipped</skipped></testcase><testcase classname="pyfields.init_makers" file="pyfields/init_makers.py" line="31" name="pyfields.init_makers.with_fields" time="0.002"><skipped message="doctest skipped" type="pytest.skip">&lt;doctest pyfields.init_makers.with_fields[1]&gt;:2: doctest skipped</skipped></testcase><testcase classname="pyfields.tests.test_core" file="pyfields/tests/test_core.py" line="18" name="test_field[type_=default_factory-read_first=False]" time="0.002"></testcase><testcase classname="pyfields.tests.test_core" file="pyfields/tests/test_core.py" line="18" name="test_field[type_=default_factory-read_first=True]" time="0.002"></testcase><testcase classname="pyfields.tests.test_core" file="pyfields/tests/test_core.py" line="18" name="test_field[type_=default-read_first=False]" time="0.002"></testcase><testcase classname="pyfields.tests.test_core" file="pyfields/tests/test_core.py" line="18" name="test_field[type_=default-read_first=True]" time="0.002"></testcase><testcase classname="pyfields.tests.test_core" file="pyfields/tests/test_core.py" line="18" name="test_field[type_=mandatory-read_first=False]" time="0.002"></testcase><testcase classname="pyfields.tests.test_core" file="pyfields/tests/test_core.py" line="18" name="test_field[type_=mandatory-read_first=True]" time="0.003"></testcase><testcase classname="pyfields.tests.test_core" file="pyfields/tests/test_core.py" line="54" name="test_type" time="0.002"></testcase><testcase classname="pyfields.tests.test_core" file="pyfields/tests/test_core.py" line="70" name="test_type_from_pep484_annotations" time="0.001"><skipped message="class member annotations are not allowed before python 3.6" type="pytest.skip">pyfields/tests/test_core.py:70: class member annotations are not allowed before python 3.6</skipped></testcase><testcase classname="pyfields.tests.test_core" file="pyfields/tests/test_core.py" line="89" name="test_field_validators[case_nb=1]" time="0.004"></testcase><testcase classname="pyfields.tests.test_core" file="pyfields/tests/test_core.py" line="89" name="test_field_validators[case_nb=2]" time="0.004"></testcase><testcase classname="pyfields.tests.test_core" file="pyfields/tests/test_core.py" line="89" name="test_field_validators[case_nb=3]" time="0.004"></testcase><testcase classname="pyfields.tests.test_core" file="pyfields/tests/test_core.py" line="89" name="test_field_validators[case_nb=4]" time="0.005"></testcase><testcase classname="pyfields.tests.test_core" file="pyfields/tests/test_core.py" line="89" name="test_field_validators[case_nb=5]" time="0.005"></testcase><testcase classname="pyfields.tests.test_core" file="pyfields/tests/test_core.py" line="187" name="test_validator_not_compliant_with_native_field" time="0.002"></testcase><testcase classname="pyfields.tests.test_core" file="pyfields/tests/test_core.py" line="194" name="test_init_all_methods[py36_style_type_hints=False-explicit_list=False-init_type=with_fields]" time="0.003"></testcase><testcase classname="pyfields.tests.test_core" file="pyfields/tests/test_core.py" line="194" name="test_init_all_methods[py36_style_type_hints=False-explicit_list=False-init_type=make_init]" time="0.003"></testcase><testcase classname="pyfields.tests.test_core" file="pyfields/tests/test_core.py" line="194" name="test_init_all_methods[py36_style_type_hints=False-explicit_list=False-init_type=make_init_with_postinit]" time="0.003"><system-out>post init man !
post init man !
</system-out></testcase><testcase classname="pyfields.tests.test_core" file="pyfields/tests/test_core.py" line="194" name="test_init_all_methods[py36_style_type_hints=False-explicit_list=True-init_type=with_fields]" time="0.003"></testcase><testcase classname="pyfields.tests.test_core" file="pyfields/tests/test_core.py" line="194" name="test_init_all_methods[py36_style_type_hints=False-explicit_list=True-init_type=make_init]" time="0.003"></testcase><testcase classname="pyfields.tests.test_core" file="pyfields/tests/test_core.py" line="194" name="test_init_all_methods[py36_style_type_hints=False-explicit_list=True-init_type=make_init_with_postinit]" time="0.003"><system-out>post init man !
post init man !
</system-out></testcase><testcase classname="pyfields.tests.test_core" file="pyfields/tests/test_core.py" line="194" name="test_init_all_methods[py36_style_type_hints=True-explicit_list=False-init_type=with_fields]" time="0.002"><skipped message="&lt;Skipped instance&gt;" type="pytest.skip">/home/travis/build/smarie/python-pyfields/pyfields/tests/test_core.py:202: &lt;Skipped instance&gt;</skipped></testcase><testcase classname="pyfields.tests.test_core" file="pyfields/tests/test_core.py" line="194" name="test_init_all_methods[py36_style_type_hints=True-explicit_list=False-init_type=make_init]" time="0.002"><skipped message="&lt;Skipped instance&gt;" type="pytest.skip">/home/travis/build/smarie/python-pyfields/pyfields/tests/test_core.py:202: &lt;Skipped instance&gt;</skipped></testcase><testcase classname="pyfields.tests.test_core" file="pyfields/tests/test_core.py" line="194" name="test_init_all_methods[py36_style_type_hints=True-explicit_list=False-init_type=make_init_with_postinit]" time="0.002"><skipped message="&lt;Skipped instance&gt;" type="pytest.skip">/home/travis/build/smarie/python-pyfields/pyfields/tests/test_core.py:202: &lt;Skipped instance&gt;</skipped></testcase><testcase classname="pyfields.tests.test_core" file="pyfields/tests/test_core.py" line="194" name="test_init_all_methods[py36_style_type_hints=True-explicit_list=True-init_type=with_fields]" time="0.002"><skipped message="&lt;Skipped instance&gt;" type="pytest.skip">/home/travis/build/smarie/python-pyfields/pyfields/tests/test_core.py:202: &lt;Skipped instance&gt;</skipped></testcase><testcase classname="pyfields.tests.test_core" file="pyfields/tests/test_core.py" line="194" name="test_init_all_methods[py36_style_type_hints=True-explicit_list=True-init_type=make_init]" time="0.002"><skipped message="&lt;Skipped instance&gt;" type="pytest.skip">/home/travis/build/smarie/python-pyfields/pyfields/tests/test_core.py:202: &lt;Skipped instance&gt;</skipped></testcase><testcase classname="pyfields.tests.test_core" file="pyfields/tests/test_core.py" line="194" name="test_init_all_methods[py36_style_type_hints=True-explicit_list=True-init_type=make_init_with_postinit]" time="0.002"><skipped message="&lt;Skipped instance&gt;" type="pytest.skip">/home/travis/build/smarie/python-pyfields/pyfields/tests/test_core.py:202: &lt;Skipped instance&gt;</skipped></testcase><testcase classname="pyfields.tests.test_core" file="pyfields/tests/test_core.py" line="277" name="test_init_partial_fields" time="0.004"><system-out>post init man !
post init man !
</system-out></testcase><testcase classname="pyfields.tests.test_readme" file="pyfields/tests/test_readme.py" line="4" name="test_readme_lazy_fields" time="0.002"><system-out>white
</system-out></testcase><testcase classname="pyfields.tests.test_readme" file="pyfields/tests/test_readme.py" line="34" name="test_readme_make_init_full_defaults" time="0.011"><system-out>Help on class Wall in module pyfields.tests.test_readme:

class Wall(builtins.object)
 |  Methods defined here:
 |  
 |  __init__(self, height, color=&apos;white&apos;)
 |      The `__init__` method generated for you when you use `make_init`
 |  
 |  color
 |      A field that is replaced with a native python attribute on first read or write access.
 |      Faster but provides not much flexibility (no validator, no type check, no converter)
 |  
 |  height
 |      A field that is replaced with a native python attribute on first read or write access.
 |      Faster but provides not much flexibility (no validator, no type check, no converter)
 |  
 |  ----------------------------------------------------------------------
 |  Data descriptors defined here:
 |  
 |  __dict__
 |      dictionary for instance variables (if defined)
 |  
 |  __weakref__
 |      list of weak references to the object (if defined)

Help on class Wall in module pyfields.tests.test_readme:

class Wall(builtins.object)
 |  Methods defined here:
 |  
 |  __init__(self, height, color=&apos;white&apos;)
 |      The `__init__` method generated for you when you use `make_init`
 |  
 |  color
 |      A field that is replaced with a native python attribute on first read or write access.
 |      Faster but provides not much flexibility (no validator, no type check, no converter)
 |  
 |  height
 |      A field that is replaced with a native python attribute on first read or write access.
 |      Faster but provides not much flexibility (no validator, no type check, no converter)
 |  
 |  ----------------------------------------------------------------------
 |  Data descriptors defined here:
 |  
 |  __dict__
 |      dictionary for instance variables (if defined)
 |  
 |  __weakref__
 |      list of weak references to the object (if defined)

</system-out></testcase><testcase classname="pyfields.tests.test_readme" file="pyfields/tests/test_readme.py" line="55" name="test_readme_make_init_with_explicit_list" time="0.002"></testcase><testcase classname="pyfields.tests.test_readme" file="pyfields/tests/test_readme.py" line="68" name="test_readme_make_init_with_inheritance" time="0.002"></testcase><testcase classname="pyfields.tests.test_readme" file="pyfields/tests/test_readme.py" line="84" name="test_readme_make_init_callback" time="0.004"><system-out>post init ! height=1, color=white, msg=hey
</system-out></testcase></testsuite></testsuites>