<?xml version="1.0" encoding="utf-8"?><testsuites><testsuite errors="0" failures="0" hostname="travis-job-e19b6897-1423-41aa-a7b5-dfe05cbc835c" name="pytest" skipped="3" tests="16" time="0.562" timestamp="2019-09-26T12:55:19.800880"><testcase classname="pyfields.core" file="pyfields/core.py" line="173" name="pyfields.core.field" time="0.009"><skipped message="this doctest does not work on python &lt;3.6 beacause `name` is mandatory" type="pytest.skip">&lt;doctest pyfields.core.field[1]&gt;:2: this doctest does not work on python &lt;3.6 beacause `name` is mandatory</skipped></testcase><testcase classname="pyfields.core" file="pyfields/core.py" line="632" name="pyfields.core.inject_fields" time="0.003"><skipped message="doctest skipped" type="pytest.skip">&lt;doctest pyfields.core.inject_fields[1]&gt;:2: doctest skipped</skipped></testcase><testcase classname="pyfields.tests.test_core" file="pyfields/tests/test_core.py" line="18" name="test_field[type_=default_factory-read_first=False]" time="0.004"></testcase><testcase classname="pyfields.tests.test_core" file="pyfields/tests/test_core.py" line="18" name="test_field[type_=default_factory-read_first=True]" time="0.003"></testcase><testcase classname="pyfields.tests.test_core" file="pyfields/tests/test_core.py" line="18" name="test_field[type_=default-read_first=False]" time="0.003"></testcase><testcase classname="pyfields.tests.test_core" file="pyfields/tests/test_core.py" line="18" name="test_field[type_=default-read_first=True]" time="0.002"></testcase><testcase classname="pyfields.tests.test_core" file="pyfields/tests/test_core.py" line="18" name="test_field[type_=mandatory-read_first=False]" time="0.002"></testcase><testcase classname="pyfields.tests.test_core" file="pyfields/tests/test_core.py" line="18" name="test_field[type_=mandatory-read_first=True]" time="0.004"></testcase><testcase classname="pyfields.tests.test_core" file="pyfields/tests/test_core.py" line="54" name="test_type" time="0.001"></testcase><testcase classname="pyfields.tests.test_core" file="pyfields/tests/test_core.py" line="70" name="test_type_from_pep484_annotations" time="0.002"><skipped message="class member annotations are not allowed before python 3.6" type="pytest.skip">pyfields/tests/test_core.py:70: class member annotations are not allowed before python 3.6</skipped></testcase><testcase classname="pyfields.tests.test_core" file="pyfields/tests/test_core.py" line="89" name="test_field_validators[case_nb=1]" time="0.004"></testcase><testcase classname="pyfields.tests.test_core" file="pyfields/tests/test_core.py" line="89" name="test_field_validators[case_nb=2]" time="0.003"></testcase><testcase classname="pyfields.tests.test_core" file="pyfields/tests/test_core.py" line="89" name="test_field_validators[case_nb=3]" time="0.004"></testcase><testcase classname="pyfields.tests.test_core" file="pyfields/tests/test_core.py" line="89" name="test_field_validators[case_nb=4]" time="0.006"></testcase><testcase classname="pyfields.tests.test_core" file="pyfields/tests/test_core.py" line="89" name="test_field_validators[case_nb=5]" time="0.005"></testcase><testcase classname="pyfields.tests.test_core" file="pyfields/tests/test_core.py" line="187" name="test_validator_not_compliant_with_native_field" time="0.003"></testcase></testsuite></testsuites>