<?xml version="1.0" encoding="utf-8"?><testsuites><testsuite errors="0" failures="0" hostname="travis-job-1db80e12-36c6-4e91-a984-bb34d7e0f6b7" name="pytest" skipped="23" tests="145" time="4.564" timestamp="2019-10-17T10:08:20.342359"><testcase classname="pyfields.core" file="pyfields/core.py" line="386" name="pyfields.core.Field.converter" time="0.007"><skipped message="skipped on python &lt;3.6" type="pytest.skip">&lt;doctest pyfields.core.Field.converter[1]&gt;:1: skipped on python &lt;3.6</skipped></testcase><testcase classname="pyfields.core" file="pyfields/core.py" line="249" name="pyfields.core.Field.default_factory" time="0.002"><skipped message="doctest skipped for python &lt; 3.6" type="pytest.skip">&lt;doctest pyfields.core.Field.default_factory[1]&gt;:1: doctest skipped for python &lt; 3.6</skipped></testcase><testcase classname="pyfields.core" file="pyfields/core.py" line="282" name="pyfields.core.Field.validator" time="0.002"><skipped message="skipped on python &lt;3.6" type="pytest.skip">&lt;doctest pyfields.core.Field.validator[1]&gt;:1: skipped on python &lt;3.6</skipped></testcase><testcase classname="pyfields.core" file="pyfields/core.py" line="510" name="pyfields.core.field" time="0.002"><skipped message="skipped on python &lt;3.6" type="pytest.skip">&lt;doctest pyfields.core.field[1]&gt;:1: skipped on python &lt;3.6</skipped></testcase><testcase classname="pyfields.init_makers" file="pyfields/init_makers.py" line="29" name="pyfields.init_makers.init_fields" time="0.002"><skipped message="doctest skipped" type="pytest.skip">&lt;doctest pyfields.init_makers.init_fields[1]&gt;:1: doctest skipped</skipped></testcase><testcase classname="pyfields.init_makers" file="pyfields/init_makers.py" line="97" name="pyfields.init_makers.inject_fields" time="0.002"><skipped message="doctest skipped" type="pytest.skip">&lt;doctest pyfields.init_makers.inject_fields[1]&gt;:1: doctest skipped</skipped></testcase><testcase classname="pyfields.init_makers" file="pyfields/init_makers.py" line="156" name="pyfields.init_makers.make_init" time="0.002"><skipped message="doctest skipped" type="pytest.skip">&lt;doctest pyfields.init_makers.make_init[1]&gt;:1: doctest skipped</skipped></testcase><testcase classname="pyfields.tests.test_core" file="pyfields/tests/test_core.py" line="19" name="test_field[read_only=False-type_=default_factory-write_before_reading=False]" time="0.002"></testcase><testcase classname="pyfields.tests.test_core" file="pyfields/tests/test_core.py" line="19" name="test_field[read_only=False-type_=default_factory-write_before_reading=True]" time="0.002"></testcase><testcase classname="pyfields.tests.test_core" file="pyfields/tests/test_core.py" line="19" name="test_field[read_only=False-type_=default-write_before_reading=False]" time="0.002"></testcase><testcase classname="pyfields.tests.test_core" file="pyfields/tests/test_core.py" line="19" name="test_field[read_only=False-type_=default-write_before_reading=True]" time="0.002"></testcase><testcase classname="pyfields.tests.test_core" file="pyfields/tests/test_core.py" line="19" name="test_field[read_only=False-type_=mandatory-write_before_reading=False]" time="0.003"></testcase><testcase classname="pyfields.tests.test_core" file="pyfields/tests/test_core.py" line="19" name="test_field[read_only=False-type_=mandatory-write_before_reading=True]" time="0.002"></testcase><testcase classname="pyfields.tests.test_core" file="pyfields/tests/test_core.py" line="19" name="test_field[read_only=True-type_=default_factory-write_before_reading=False]" time="0.002"></testcase><testcase classname="pyfields.tests.test_core" file="pyfields/tests/test_core.py" line="19" name="test_field[read_only=True-type_=default_factory-write_before_reading=True]" time="0.003"></testcase><testcase classname="pyfields.tests.test_core" file="pyfields/tests/test_core.py" line="19" name="test_field[read_only=True-type_=default-write_before_reading=False]" time="0.002"></testcase><testcase classname="pyfields.tests.test_core" file="pyfields/tests/test_core.py" line="19" name="test_field[read_only=True-type_=default-write_before_reading=True]" time="0.002"></testcase><testcase classname="pyfields.tests.test_core" file="pyfields/tests/test_core.py" line="19" name="test_field[read_only=True-type_=mandatory-write_before_reading=False]" time="0.002"></testcase><testcase classname="pyfields.tests.test_core" file="pyfields/tests/test_core.py" line="19" name="test_field[read_only=True-type_=mandatory-write_before_reading=True]" time="0.002"></testcase><testcase classname="pyfields.tests.test_core" file="pyfields/tests/test_core.py" line="78" name="test_slots" time="0.003"></testcase><testcase classname="pyfields.tests.test_core" file="pyfields/tests/test_core.py" line="114" name="test_slots2" time="0.001"></testcase><testcase classname="pyfields.tests.test_core" file="pyfields/tests/test_core.py" line="126" name="test_default_factory" time="0.002"></testcase><testcase classname="pyfields.tests.test_core" file="pyfields/tests/test_core.py" line="160" name="test_type" time="0.001"></testcase><testcase classname="pyfields.tests.test_core" file="pyfields/tests/test_core.py" line="180" name="test_type_multiple_tuple" time="0.001"></testcase><testcase classname="pyfields.tests.test_core" file="pyfields/tests/test_core.py" line="203" name="test_type_multiple_typing" time="0.002"></testcase><testcase classname="pyfields.tests.test_core" file="pyfields/tests/test_core.py" line="226" name="test_type_from_pep484_annotations" time="0.000"><skipped message="class member annotations are not allowed before python 3.6" type="pytest.skip">pyfields/tests/test_core.py:226: class member annotations are not allowed before python 3.6</skipped></testcase><testcase classname="pyfields.tests.test_core" file="pyfields/tests/test_core.py" line="245" name="test_field_validators[case_nb=1]" time="0.004"></testcase><testcase classname="pyfields.tests.test_core" file="pyfields/tests/test_core.py" line="245" name="test_field_validators[case_nb=2]" time="0.003"></testcase><testcase classname="pyfields.tests.test_core" file="pyfields/tests/test_core.py" line="245" name="test_field_validators[case_nb=3]" time="0.004"></testcase><testcase classname="pyfields.tests.test_core" file="pyfields/tests/test_core.py" line="245" name="test_field_validators[case_nb=4]" time="0.004"></testcase><testcase classname="pyfields.tests.test_core" file="pyfields/tests/test_core.py" line="245" name="test_field_validators[case_nb=5]" time="0.004"></testcase><testcase classname="pyfields.tests.test_core" file="pyfields/tests/test_core.py" line="344" name="test_field_validators_decorator[explicit=False]" time="0.002"></testcase><testcase classname="pyfields.tests.test_core" file="pyfields/tests/test_core.py" line="344" name="test_field_validators_decorator[explicit=True]" time="0.003"></testcase><testcase classname="pyfields.tests.test_core" file="pyfields/tests/test_core.py" line="396" name="test_validator_not_compliant_with_native_field" time="0.001"></testcase><testcase classname="pyfields.tests.test_core" file="pyfields/tests/test_core.py" line="403" name="test_field_converters_decorator[explicit=False]" time="0.002"></testcase><testcase classname="pyfields.tests.test_core" file="pyfields/tests/test_core.py" line="403" name="test_field_converters_decorator[explicit=True]" time="0.002"></testcase><testcase classname="pyfields.tests.test_core" file="pyfields/tests/test_core.py" line="447" name="test_converter_not_compliant_with_native_field" time="0.001"></testcase><testcase classname="pyfields.tests.test_core" file="pyfields/tests/test_core.py" line="454" name="test_converters[format=single_converter-nbargs=1-validator_return_none=False]" time="0.004"></testcase><testcase classname="pyfields.tests.test_core" file="pyfields/tests/test_core.py" line="454" name="test_converters[format=single_converter-nbargs=1-validator_return_none=True]" time="0.003"></testcase><testcase classname="pyfields.tests.test_core" file="pyfields/tests/test_core.py" line="454" name="test_converters[format=single_converter-nbargs=2-validator_return_none=False]" time="0.003"></testcase><testcase classname="pyfields.tests.test_core" file="pyfields/tests/test_core.py" line="454" name="test_converters[format=single_converter-nbargs=2-validator_return_none=True]" time="0.004"></testcase><testcase classname="pyfields.tests.test_core" file="pyfields/tests/test_core.py" line="454" name="test_converters[format=single_converter-nbargs=3-validator_return_none=False]" time="0.003"></testcase><testcase classname="pyfields.tests.test_core" file="pyfields/tests/test_core.py" line="454" name="test_converters[format=single_converter-nbargs=3-validator_return_none=True]" time="0.003"></testcase><testcase classname="pyfields.tests.test_core" file="pyfields/tests/test_core.py" line="454" name="test_converters[format=single_fun-nbargs=1-validator_return_none=False]" time="0.003"></testcase><testcase classname="pyfields.tests.test_core" file="pyfields/tests/test_core.py" line="454" name="test_converters[format=single_fun-nbargs=1-validator_return_none=True]" time="0.004"></testcase><testcase classname="pyfields.tests.test_core" file="pyfields/tests/test_core.py" line="454" name="test_converters[format=single_fun-nbargs=2-validator_return_none=False]" time="0.003"></testcase><testcase classname="pyfields.tests.test_core" file="pyfields/tests/test_core.py" line="454" name="test_converters[format=single_fun-nbargs=2-validator_return_none=True]" time="0.003"></testcase><testcase classname="pyfields.tests.test_core" file="pyfields/tests/test_core.py" line="454" name="test_converters[format=single_fun-nbargs=3-validator_return_none=False]" time="0.003"></testcase><testcase classname="pyfields.tests.test_core" file="pyfields/tests/test_core.py" line="454" name="test_converters[format=single_fun-nbargs=3-validator_return_none=True]" time="0.003"></testcase><testcase classname="pyfields.tests.test_core" file="pyfields/tests/test_core.py" line="454" name="test_converters[format=(v_fun, c_fun)-nbargs=1-validator_return_none=False]" time="0.003"></testcase><testcase classname="pyfields.tests.test_core" file="pyfields/tests/test_core.py" line="454" name="test_converters[format=(v_fun, c_fun)-nbargs=1-validator_return_none=True]" time="0.003"></testcase><testcase classname="pyfields.tests.test_core" file="pyfields/tests/test_core.py" line="454" name="test_converters[format=(v_fun, c_fun)-nbargs=2-validator_return_none=False]" time="0.004"></testcase><testcase classname="pyfields.tests.test_core" file="pyfields/tests/test_core.py" line="454" name="test_converters[format=(v_fun, c_fun)-nbargs=2-validator_return_none=True]" time="0.003"></testcase><testcase classname="pyfields.tests.test_core" file="pyfields/tests/test_core.py" line="454" name="test_converters[format=(v_fun, c_fun)-nbargs=3-validator_return_none=False]" time="0.003"></testcase><testcase classname="pyfields.tests.test_core" file="pyfields/tests/test_core.py" line="454" name="test_converters[format=(v_fun, c_fun)-nbargs=3-validator_return_none=True]" time="0.003"></testcase><testcase classname="pyfields.tests.test_core" file="pyfields/tests/test_core.py" line="454" name="test_converters[format=(v_type, c_fun)-nbargs=1-validator_return_none=False]" time="0.004"></testcase><testcase classname="pyfields.tests.test_core" file="pyfields/tests/test_core.py" line="454" name="test_converters[format=(v_type, c_fun)-nbargs=1-validator_return_none=True]" time="0.004"></testcase><testcase classname="pyfields.tests.test_core" file="pyfields/tests/test_core.py" line="454" name="test_converters[format=(v_type, c_fun)-nbargs=2-validator_return_none=False]" time="0.004"></testcase><testcase classname="pyfields.tests.test_core" file="pyfields/tests/test_core.py" line="454" name="test_converters[format=(v_type, c_fun)-nbargs=2-validator_return_none=True]" time="0.003"></testcase><testcase classname="pyfields.tests.test_core" file="pyfields/tests/test_core.py" line="454" name="test_converters[format=(v_type, c_fun)-nbargs=3-validator_return_none=False]" time="0.004"></testcase><testcase classname="pyfields.tests.test_core" file="pyfields/tests/test_core.py" line="454" name="test_converters[format=(v_type, c_fun)-nbargs=3-validator_return_none=True]" time="0.004"></testcase><testcase classname="pyfields.tests.test_core" file="pyfields/tests/test_core.py" line="454" name="test_converters[format=(joker, c_fun)-nbargs=1-validator_return_none=False]" time="0.003"></testcase><testcase classname="pyfields.tests.test_core" file="pyfields/tests/test_core.py" line="454" name="test_converters[format=(joker, c_fun)-nbargs=1-validator_return_none=True]" time="0.003"></testcase><testcase classname="pyfields.tests.test_core" file="pyfields/tests/test_core.py" line="454" name="test_converters[format=(joker, c_fun)-nbargs=2-validator_return_none=False]" time="0.003"></testcase><testcase classname="pyfields.tests.test_core" file="pyfields/tests/test_core.py" line="454" name="test_converters[format=(joker, c_fun)-nbargs=2-validator_return_none=True]" time="0.003"></testcase><testcase classname="pyfields.tests.test_core" file="pyfields/tests/test_core.py" line="454" name="test_converters[format=(joker, c_fun)-nbargs=3-validator_return_none=False]" time="0.004"></testcase><testcase classname="pyfields.tests.test_core" file="pyfields/tests/test_core.py" line="454" name="test_converters[format=(joker, c_fun)-nbargs=3-validator_return_none=True]" time="0.004"></testcase><testcase classname="pyfields.tests.test_core" file="pyfields/tests/test_core.py" line="454" name="test_converters[format=(None, c_fun)-nbargs=1-validator_return_none=False]" time="0.003"></testcase><testcase classname="pyfields.tests.test_core" file="pyfields/tests/test_core.py" line="454" name="test_converters[format=(None, c_fun)-nbargs=1-validator_return_none=True]" time="0.003"></testcase><testcase classname="pyfields.tests.test_core" file="pyfields/tests/test_core.py" line="454" name="test_converters[format=(None, c_fun)-nbargs=2-validator_return_none=False]" time="0.005"></testcase><testcase classname="pyfields.tests.test_core" file="pyfields/tests/test_core.py" line="454" name="test_converters[format=(None, c_fun)-nbargs=2-validator_return_none=True]" time="0.003"></testcase><testcase classname="pyfields.tests.test_core" file="pyfields/tests/test_core.py" line="454" name="test_converters[format=(None, c_fun)-nbargs=3-validator_return_none=False]" time="0.003"></testcase><testcase classname="pyfields.tests.test_core" file="pyfields/tests/test_core.py" line="454" name="test_converters[format=(None, c_fun)-nbargs=3-validator_return_none=True]" time="0.003"></testcase><testcase classname="pyfields.tests.test_core" file="pyfields/tests/test_core.py" line="454" name="test_converters[format={v_fun: c_fun}-nbargs=1-validator_return_none=False]" time="0.004"></testcase><testcase classname="pyfields.tests.test_core" file="pyfields/tests/test_core.py" line="454" name="test_converters[format={v_fun: c_fun}-nbargs=1-validator_return_none=True]" time="0.003"></testcase><testcase classname="pyfields.tests.test_core" file="pyfields/tests/test_core.py" line="454" name="test_converters[format={v_fun: c_fun}-nbargs=2-validator_return_none=False]" time="0.004"></testcase><testcase classname="pyfields.tests.test_core" file="pyfields/tests/test_core.py" line="454" name="test_converters[format={v_fun: c_fun}-nbargs=2-validator_return_none=True]" time="0.003"></testcase><testcase classname="pyfields.tests.test_core" file="pyfields/tests/test_core.py" line="454" name="test_converters[format={v_fun: c_fun}-nbargs=3-validator_return_none=False]" time="0.003"></testcase><testcase classname="pyfields.tests.test_core" file="pyfields/tests/test_core.py" line="454" name="test_converters[format={v_fun: c_fun}-nbargs=3-validator_return_none=True]" time="0.004"></testcase><testcase classname="pyfields.tests.test_core" file="pyfields/tests/test_core.py" line="454" name="test_converters[format={v_type: c_fun}-nbargs=1-validator_return_none=False]" time="0.003"></testcase><testcase classname="pyfields.tests.test_core" file="pyfields/tests/test_core.py" line="454" name="test_converters[format={v_type: c_fun}-nbargs=1-validator_return_none=True]" time="0.003"></testcase><testcase classname="pyfields.tests.test_core" file="pyfields/tests/test_core.py" line="454" name="test_converters[format={v_type: c_fun}-nbargs=2-validator_return_none=False]" time="0.003"></testcase><testcase classname="pyfields.tests.test_core" file="pyfields/tests/test_core.py" line="454" name="test_converters[format={v_type: c_fun}-nbargs=2-validator_return_none=True]" time="0.003"></testcase><testcase classname="pyfields.tests.test_core" file="pyfields/tests/test_core.py" line="454" name="test_converters[format={v_type: c_fun}-nbargs=3-validator_return_none=False]" time="0.003"></testcase><testcase classname="pyfields.tests.test_core" file="pyfields/tests/test_core.py" line="454" name="test_converters[format={v_type: c_fun}-nbargs=3-validator_return_none=True]" time="0.003"></testcase><testcase classname="pyfields.tests.test_core" file="pyfields/tests/test_core.py" line="454" name="test_converters[format={joker: c_fun}-nbargs=1-validator_return_none=False]" time="0.003"></testcase><testcase classname="pyfields.tests.test_core" file="pyfields/tests/test_core.py" line="454" name="test_converters[format={joker: c_fun}-nbargs=1-validator_return_none=True]" time="0.003"></testcase><testcase classname="pyfields.tests.test_core" file="pyfields/tests/test_core.py" line="454" name="test_converters[format={joker: c_fun}-nbargs=2-validator_return_none=False]" time="0.003"></testcase><testcase classname="pyfields.tests.test_core" file="pyfields/tests/test_core.py" line="454" name="test_converters[format={joker: c_fun}-nbargs=2-validator_return_none=True]" time="0.003"></testcase><testcase classname="pyfields.tests.test_core" file="pyfields/tests/test_core.py" line="454" name="test_converters[format={joker: c_fun}-nbargs=3-validator_return_none=False]" time="0.003"></testcase><testcase classname="pyfields.tests.test_core" file="pyfields/tests/test_core.py" line="454" name="test_converters[format={joker: c_fun}-nbargs=3-validator_return_none=True]" time="0.003"></testcase><testcase classname="pyfields.tests.test_core" file="pyfields/tests/test_core.py" line="454" name="test_converters[format={None: c_fun}-nbargs=1-validator_return_none=False]" time="0.003"></testcase><testcase classname="pyfields.tests.test_core" file="pyfields/tests/test_core.py" line="454" name="test_converters[format={None: c_fun}-nbargs=1-validator_return_none=True]" time="0.003"></testcase><testcase classname="pyfields.tests.test_core" file="pyfields/tests/test_core.py" line="454" name="test_converters[format={None: c_fun}-nbargs=2-validator_return_none=False]" time="0.004"></testcase><testcase classname="pyfields.tests.test_core" file="pyfields/tests/test_core.py" line="454" name="test_converters[format={None: c_fun}-nbargs=2-validator_return_none=True]" time="0.003"></testcase><testcase classname="pyfields.tests.test_core" file="pyfields/tests/test_core.py" line="454" name="test_converters[format={None: c_fun}-nbargs=3-validator_return_none=False]" time="0.004"></testcase><testcase classname="pyfields.tests.test_core" file="pyfields/tests/test_core.py" line="454" name="test_converters[format={None: c_fun}-nbargs=3-validator_return_none=True]" time="0.004"></testcase><testcase classname="pyfields.tests.test_core" file="pyfields/tests/test_core.py" line="607" name="test_init_all_methods[py36_style_type_hints=False-explicit_list=False-init_type=inject_fields-native=False]" time="0.003"></testcase><testcase classname="pyfields.tests.test_core" file="pyfields/tests/test_core.py" line="607" name="test_init_all_methods[py36_style_type_hints=False-explicit_list=False-init_type=inject_fields-native=True]" time="0.003"></testcase><testcase classname="pyfields.tests.test_core" file="pyfields/tests/test_core.py" line="607" name="test_init_all_methods[py36_style_type_hints=False-explicit_list=False-init_type=make_init-native=False]" time="0.003"></testcase><testcase classname="pyfields.tests.test_core" file="pyfields/tests/test_core.py" line="607" name="test_init_all_methods[py36_style_type_hints=False-explicit_list=False-init_type=make_init-native=True]" time="0.003"></testcase><testcase classname="pyfields.tests.test_core" file="pyfields/tests/test_core.py" line="607" name="test_init_all_methods[py36_style_type_hints=False-explicit_list=False-init_type=make_init_with_postinit-native=False]" time="0.004"></testcase><testcase classname="pyfields.tests.test_core" file="pyfields/tests/test_core.py" line="607" name="test_init_all_methods[py36_style_type_hints=False-explicit_list=False-init_type=make_init_with_postinit-native=True]" time="0.004"></testcase><testcase classname="pyfields.tests.test_core" file="pyfields/tests/test_core.py" line="607" name="test_init_all_methods[py36_style_type_hints=False-explicit_list=True-init_type=inject_fields-native=False]" time="0.004"></testcase><testcase classname="pyfields.tests.test_core" file="pyfields/tests/test_core.py" line="607" name="test_init_all_methods[py36_style_type_hints=False-explicit_list=True-init_type=inject_fields-native=True]" time="0.004"></testcase><testcase classname="pyfields.tests.test_core" file="pyfields/tests/test_core.py" line="607" name="test_init_all_methods[py36_style_type_hints=False-explicit_list=True-init_type=make_init-native=False]" time="0.003"></testcase><testcase classname="pyfields.tests.test_core" file="pyfields/tests/test_core.py" line="607" name="test_init_all_methods[py36_style_type_hints=False-explicit_list=True-init_type=make_init-native=True]" time="0.004"></testcase><testcase classname="pyfields.tests.test_core" file="pyfields/tests/test_core.py" line="607" name="test_init_all_methods[py36_style_type_hints=False-explicit_list=True-init_type=make_init_with_postinit-native=False]" time="0.004"></testcase><testcase classname="pyfields.tests.test_core" file="pyfields/tests/test_core.py" line="607" name="test_init_all_methods[py36_style_type_hints=False-explicit_list=True-init_type=make_init_with_postinit-native=True]" time="0.004"></testcase><testcase classname="pyfields.tests.test_core" file="pyfields/tests/test_core.py" line="607" name="test_init_all_methods[py36_style_type_hints=True-explicit_list=False-init_type=inject_fields-native=False]" time="0.003"><skipped message="&lt;Skipped instance&gt;" type="pytest.skip">/home/travis/build/smarie/python-pyfields/pyfields/tests/test_core.py:617: &lt;Skipped instance&gt;</skipped></testcase><testcase classname="pyfields.tests.test_core" file="pyfields/tests/test_core.py" line="607" name="test_init_all_methods[py36_style_type_hints=True-explicit_list=False-init_type=inject_fields-native=True]" time="0.003"><skipped message="&lt;Skipped instance&gt;" type="pytest.skip">/home/travis/build/smarie/python-pyfields/pyfields/tests/test_core.py:617: &lt;Skipped instance&gt;</skipped></testcase><testcase classname="pyfields.tests.test_core" file="pyfields/tests/test_core.py" line="607" name="test_init_all_methods[py36_style_type_hints=True-explicit_list=False-init_type=make_init-native=False]" time="0.002"><skipped message="&lt;Skipped instance&gt;" type="pytest.skip">/home/travis/build/smarie/python-pyfields/pyfields/tests/test_core.py:617: &lt;Skipped instance&gt;</skipped></testcase><testcase classname="pyfields.tests.test_core" file="pyfields/tests/test_core.py" line="607" name="test_init_all_methods[py36_style_type_hints=True-explicit_list=False-init_type=make_init-native=True]" time="0.002"><skipped message="&lt;Skipped instance&gt;" type="pytest.skip">/home/travis/build/smarie/python-pyfields/pyfields/tests/test_core.py:617: &lt;Skipped instance&gt;</skipped></testcase><testcase classname="pyfields.tests.test_core" file="pyfields/tests/test_core.py" line="607" name="test_init_all_methods[py36_style_type_hints=True-explicit_list=False-init_type=make_init_with_postinit-native=False]" time="0.002"><skipped message="&lt;Skipped instance&gt;" type="pytest.skip">/home/travis/build/smarie/python-pyfields/pyfields/tests/test_core.py:617: &lt;Skipped instance&gt;</skipped></testcase><testcase classname="pyfields.tests.test_core" file="pyfields/tests/test_core.py" line="607" name="test_init_all_methods[py36_style_type_hints=True-explicit_list=False-init_type=make_init_with_postinit-native=True]" time="0.003"><skipped message="&lt;Skipped instance&gt;" type="pytest.skip">/home/travis/build/smarie/python-pyfields/pyfields/tests/test_core.py:617: &lt;Skipped instance&gt;</skipped></testcase><testcase classname="pyfields.tests.test_core" file="pyfields/tests/test_core.py" line="607" name="test_init_all_methods[py36_style_type_hints=True-explicit_list=True-init_type=inject_fields-native=False]" time="0.002"><skipped message="&lt;Skipped instance&gt;" type="pytest.skip">/home/travis/build/smarie/python-pyfields/pyfields/tests/test_core.py:617: &lt;Skipped instance&gt;</skipped></testcase><testcase classname="pyfields.tests.test_core" file="pyfields/tests/test_core.py" line="607" name="test_init_all_methods[py36_style_type_hints=True-explicit_list=True-init_type=inject_fields-native=True]" time="0.002"><skipped message="&lt;Skipped instance&gt;" type="pytest.skip">/home/travis/build/smarie/python-pyfields/pyfields/tests/test_core.py:617: &lt;Skipped instance&gt;</skipped></testcase><testcase classname="pyfields.tests.test_core" file="pyfields/tests/test_core.py" line="607" name="test_init_all_methods[py36_style_type_hints=True-explicit_list=True-init_type=make_init-native=False]" time="0.002"><skipped message="&lt;Skipped instance&gt;" type="pytest.skip">/home/travis/build/smarie/python-pyfields/pyfields/tests/test_core.py:617: &lt;Skipped instance&gt;</skipped></testcase><testcase classname="pyfields.tests.test_core" file="pyfields/tests/test_core.py" line="607" name="test_init_all_methods[py36_style_type_hints=True-explicit_list=True-init_type=make_init-native=True]" time="0.002"><skipped message="&lt;Skipped instance&gt;" type="pytest.skip">/home/travis/build/smarie/python-pyfields/pyfields/tests/test_core.py:617: &lt;Skipped instance&gt;</skipped></testcase><testcase classname="pyfields.tests.test_core" file="pyfields/tests/test_core.py" line="607" name="test_init_all_methods[py36_style_type_hints=True-explicit_list=True-init_type=make_init_with_postinit-native=False]" time="0.002"><skipped message="&lt;Skipped instance&gt;" type="pytest.skip">/home/travis/build/smarie/python-pyfields/pyfields/tests/test_core.py:617: &lt;Skipped instance&gt;</skipped></testcase><testcase classname="pyfields.tests.test_core" file="pyfields/tests/test_core.py" line="607" name="test_init_all_methods[py36_style_type_hints=True-explicit_list=True-init_type=make_init_with_postinit-native=True]" time="0.003"><skipped message="&lt;Skipped instance&gt;" type="pytest.skip">/home/travis/build/smarie/python-pyfields/pyfields/tests/test_core.py:617: &lt;Skipped instance&gt;</skipped></testcase><testcase classname="pyfields.tests.test_core" file="pyfields/tests/test_core.py" line="708" name="test_init_partial_fields" time="0.002"></testcase><testcase classname="pyfields.tests.test_readme" file="pyfields/tests/test_readme.py" line="14" name="test_readme_lazy_fields" time="0.001"></testcase><testcase classname="pyfields.tests.test_readme" file="pyfields/tests/test_readme.py" line="44" name="test_default_factory[use_decorator=False]" time="0.002"></testcase><testcase classname="pyfields.tests.test_readme" file="pyfields/tests/test_readme.py" line="44" name="test_default_factory[use_decorator=True]" time="0.002"></testcase><testcase classname="pyfields.tests.test_readme" file="pyfields/tests/test_readme.py" line="73" name="test_readonly_field" time="0.001"></testcase><testcase classname="pyfields.tests.test_readme" file="pyfields/tests/test_readme.py" line="97" name="test_type_validation[py36_style_type_hints=False]" time="0.002"></testcase><testcase classname="pyfields.tests.test_readme" file="pyfields/tests/test_readme.py" line="97" name="test_type_validation[py36_style_type_hints=True]" time="0.003"><skipped message="&lt;Skipped instance&gt;" type="pytest.skip">/home/travis/build/smarie/python-pyfields/pyfields/tests/test_readme.py:102: &lt;Skipped instance&gt;</skipped></testcase><testcase classname="pyfields.tests.test_readme" file="pyfields/tests/test_readme.py" line="118" name="test_value_validation[py36_style_type_hints=False]" time="0.003"></testcase><testcase classname="pyfields.tests.test_readme" file="pyfields/tests/test_readme.py" line="118" name="test_value_validation[py36_style_type_hints=True]" time="0.001"><skipped message="&lt;Skipped instance&gt;" type="pytest.skip">/home/travis/build/smarie/python-pyfields/pyfields/tests/test_readme.py:125: &lt;Skipped instance&gt;</skipped></testcase><testcase classname="pyfields.tests.test_readme" file="pyfields/tests/test_readme.py" line="157" name="test_value_validation_advanced[py36_style_type_hints=False]" time="0.002"></testcase><testcase classname="pyfields.tests.test_readme" file="pyfields/tests/test_readme.py" line="157" name="test_value_validation_advanced[py36_style_type_hints=True]" time="0.002"><skipped message="&lt;Skipped instance&gt;" type="pytest.skip">/home/travis/build/smarie/python-pyfields/pyfields/tests/test_readme.py:170: &lt;Skipped instance&gt;</skipped></testcase><testcase classname="pyfields.tests.test_readme" file="pyfields/tests/test_readme.py" line="192" name="test_readme_native_descriptors" time="3.206"></testcase><testcase classname="pyfields.tests.test_readme" file="pyfields/tests/test_readme.py" line="238" name="test_readme_make_init_full_defaults" time="0.007"></testcase><testcase classname="pyfields.tests.test_readme" file="pyfields/tests/test_readme.py" line="257" name="test_readme_make_init_with_explicit_list" time="0.002"></testcase><testcase classname="pyfields.tests.test_readme" file="pyfields/tests/test_readme.py" line="270" name="test_readme_make_init_with_inheritance" time="0.002"></testcase><testcase classname="pyfields.tests.test_readme" file="pyfields/tests/test_readme.py" line="286" name="test_readme_make_init_callback" time="0.002"></testcase><testcase classname="pyfields.tests.test_readme" file="pyfields/tests/test_readme.py" line="307" name="test_readme_init_fields" time="0.003"></testcase><testcase classname="pyfields.tests.test_so" file="pyfields/tests/test_so.py" line="9" name="test_so0" time="0.003"></testcase><testcase classname="pyfields.tests.test_so" file="pyfields/tests/test_so.py" line="34" name="test_so1" time="0.003"></testcase><testcase classname="pyfields.tests.test_so" file="pyfields/tests/test_so.py" line="59" name="test_so2" time="0.002"></testcase><testcase classname="pyfields.tests.test_so" file="pyfields/tests/test_so.py" line="78" name="test_so3" time="0.002"></testcase><testcase classname="pyfields.tests.test_so" file="pyfields/tests/test_so.py" line="96" name="test_so4" time="0.003"></testcase><testcase classname="pyfields.tests.test_so" file="pyfields/tests/test_so.py" line="132" name="test_so5" time="0.003"></testcase><testcase classname="pyfields.tests.test_so" file="pyfields/tests/test_so.py" line="168" name="test_so6" time="0.007"></testcase></testsuite></testsuites>