<?xml version="1.0" encoding="utf-8"?><testsuites><testsuite errors="0" failures="0" hostname="travis-job-335220ef-cdfc-47c1-9f33-f1acee93c5cd" name="pytest" skipped="2" tests="15" time="0.509" timestamp="2019-09-24T16:45:23.024886"><testcase classname="pyfields.core" file="pyfields/core.py" line="91" name="pyfields.core.field" time="0.008"><skipped message="this doctest does not work on python &lt;3.6 beacause `name` is mandatory" type="pytest.skip">&lt;doctest pyfields.core.field[1]&gt;:2: this doctest does not work on python &lt;3.6 beacause `name` is mandatory</skipped></testcase><testcase classname="pyfields.tests.test_core_fields" file="pyfields/tests/test_core_fields.py" line="18" name="test_field[type_=default_factory-read_first=False]" time="0.002"></testcase><testcase classname="pyfields.tests.test_core_fields" file="pyfields/tests/test_core_fields.py" line="18" name="test_field[type_=default_factory-read_first=True]" time="0.002"></testcase><testcase classname="pyfields.tests.test_core_fields" file="pyfields/tests/test_core_fields.py" line="18" name="test_field[type_=default-read_first=False]" time="0.003"></testcase><testcase classname="pyfields.tests.test_core_fields" file="pyfields/tests/test_core_fields.py" line="18" name="test_field[type_=default-read_first=True]" time="0.003"></testcase><testcase classname="pyfields.tests.test_core_fields" file="pyfields/tests/test_core_fields.py" line="18" name="test_field[type_=mandatory-read_first=False]" time="0.002"></testcase><testcase classname="pyfields.tests.test_core_fields" file="pyfields/tests/test_core_fields.py" line="18" name="test_field[type_=mandatory-read_first=True]" time="0.003"></testcase><testcase classname="pyfields.tests.test_core_fields" file="pyfields/tests/test_core_fields.py" line="54" name="test_type" time="0.002"></testcase><testcase classname="pyfields.tests.test_core_fields" file="pyfields/tests/test_core_fields.py" line="70" name="test_type_from_pep484_annotations" time="0.001"><skipped message="class member annotations are not allowed before python 3.6" type="pytest.skip">pyfields/tests/test_core_fields.py:70: class member annotations are not allowed before python 3.6</skipped></testcase><testcase classname="pyfields.tests.test_core_fields" file="pyfields/tests/test_core_fields.py" line="88" name="test_field_validators[case_nb=1]" time="0.004"></testcase><testcase classname="pyfields.tests.test_core_fields" file="pyfields/tests/test_core_fields.py" line="88" name="test_field_validators[case_nb=2]" time="0.003"></testcase><testcase classname="pyfields.tests.test_core_fields" file="pyfields/tests/test_core_fields.py" line="88" name="test_field_validators[case_nb=3]" time="0.003"></testcase><testcase classname="pyfields.tests.test_core_fields" file="pyfields/tests/test_core_fields.py" line="88" name="test_field_validators[case_nb=4]" time="0.004"></testcase><testcase classname="pyfields.tests.test_core_fields" file="pyfields/tests/test_core_fields.py" line="88" name="test_field_validators[case_nb=5]" time="0.004"></testcase><testcase classname="pyfields.tests.test_core_fields" file="pyfields/tests/test_core_fields.py" line="186" name="test_validator_not_compliant_with_native_field" time="0.002"></testcase></testsuite></testsuites>