<?xml version="1.0" encoding="utf-8"?><testsuites><testsuite errors="0" failures="0" hostname="travis-job-d4d330f4-a5b1-41c6-a890-4517a896d767" name="pytest" skipped="28" tests="169" time="4.710" timestamp="2020-01-22T12:03:42.409850"><testcase classname="pyfields.autofields_" file="pyfields/autofields_.py" line="24" name="pyfields.autofields_.autofields" time="0.006"><skipped message="doctest skipped for python &lt; 3.6" type="pytest.skip">&lt;doctest pyfields.autofields_.autofields[1]&gt;:1: doctest skipped for python &lt; 3.6</skipped></testcase><testcase classname="pyfields.core" file="pyfields/core.py" line="457" name="pyfields.core.Field.converter" time="0.002"><skipped message="skipped on python &lt;3.6" type="pytest.skip">&lt;doctest pyfields.core.Field.converter[1]&gt;:1: skipped on python &lt;3.6</skipped></testcase><testcase classname="pyfields.core" file="pyfields/core.py" line="320" name="pyfields.core.Field.default_factory" time="0.002"><skipped message="doctest skipped for python &lt; 3.6" type="pytest.skip">&lt;doctest pyfields.core.Field.default_factory[1]&gt;:1: doctest skipped for python &lt; 3.6</skipped></testcase><testcase classname="pyfields.core" file="pyfields/core.py" line="353" name="pyfields.core.Field.validator" time="0.002"><skipped message="skipped on python &lt;3.6" type="pytest.skip">&lt;doctest pyfields.core.Field.validator[1]&gt;:1: skipped on python &lt;3.6</skipped></testcase><testcase classname="pyfields.core" file="pyfields/core.py" line="582" name="pyfields.core.field" time="0.002"><skipped message="skipped on python &lt;3.6" type="pytest.skip">&lt;doctest pyfields.core.field[1]&gt;:1: skipped on python &lt;3.6</skipped></testcase><testcase classname="pyfields.init_makers" file="pyfields/init_makers.py" line="30" name="pyfields.init_makers.init_fields" time="0.002"><skipped message="doctest skipped" type="pytest.skip">&lt;doctest pyfields.init_makers.init_fields[1]&gt;:1: doctest skipped</skipped></testcase><testcase classname="pyfields.init_makers" file="pyfields/init_makers.py" line="104" name="pyfields.init_makers.inject_fields" time="0.002"><skipped message="doctest skipped" type="pytest.skip">&lt;doctest pyfields.init_makers.inject_fields[1]&gt;:1: doctest skipped</skipped></testcase><testcase classname="pyfields.init_makers" file="pyfields/init_makers.py" line="163" name="pyfields.init_makers.make_init" time="0.002"><skipped message="doctest skipped" type="pytest.skip">&lt;doctest pyfields.init_makers.make_init[1]&gt;:1: doctest skipped</skipped></testcase><testcase classname="pyfields.tests.test_autofields" file="pyfields/tests/test_autofields.py" line="11" name="test_autofields_basic[False-False]" time="0.003"></testcase><testcase classname="pyfields.tests.test_autofields" file="pyfields/tests/test_autofields.py" line="11" name="test_autofields_basic[True-False]" time="0.001"><skipped message="Type annotations are not supported in python &lt; 3.6" type="pytest.skip">/home/travis/build/smarie/python-pyfields/pyfields/tests/test_autofields.py:18: Type annotations are not supported in python &lt; 3.6</skipped></testcase><testcase classname="pyfields.tests.test_autofields" file="pyfields/tests/test_autofields.py" line="11" name="test_autofields_basic[True-True]" time="0.001"><skipped message="Type annotations are not supported in python &lt; 3.6" type="pytest.skip">/home/travis/build/smarie/python-pyfields/pyfields/tests/test_autofields.py:18: Type annotations are not supported in python &lt; 3.6</skipped></testcase><testcase classname="pyfields.tests.test_core" file="pyfields/tests/test_core.py" line="20" name="test_field[read_only=False-type_=default_factory-write_before_reading=False]" time="0.001"></testcase><testcase classname="pyfields.tests.test_core" file="pyfields/tests/test_core.py" line="20" name="test_field[read_only=False-type_=default_factory-write_before_reading=True]" time="0.002"></testcase><testcase classname="pyfields.tests.test_core" file="pyfields/tests/test_core.py" line="20" name="test_field[read_only=False-type_=default-write_before_reading=False]" time="0.001"></testcase><testcase classname="pyfields.tests.test_core" file="pyfields/tests/test_core.py" line="20" name="test_field[read_only=False-type_=default-write_before_reading=True]" time="0.001"></testcase><testcase classname="pyfields.tests.test_core" file="pyfields/tests/test_core.py" line="20" name="test_field[read_only=False-type_=mandatory-write_before_reading=False]" time="0.002"></testcase><testcase classname="pyfields.tests.test_core" file="pyfields/tests/test_core.py" line="20" name="test_field[read_only=False-type_=mandatory-write_before_reading=True]" time="0.001"></testcase><testcase classname="pyfields.tests.test_core" file="pyfields/tests/test_core.py" line="20" name="test_field[read_only=True-type_=default_factory-write_before_reading=False]" time="0.002"></testcase><testcase classname="pyfields.tests.test_core" file="pyfields/tests/test_core.py" line="20" name="test_field[read_only=True-type_=default_factory-write_before_reading=True]" time="0.002"></testcase><testcase classname="pyfields.tests.test_core" file="pyfields/tests/test_core.py" line="20" name="test_field[read_only=True-type_=default-write_before_reading=False]" time="0.001"></testcase><testcase classname="pyfields.tests.test_core" file="pyfields/tests/test_core.py" line="20" name="test_field[read_only=True-type_=default-write_before_reading=True]" time="0.001"></testcase><testcase classname="pyfields.tests.test_core" file="pyfields/tests/test_core.py" line="20" name="test_field[read_only=True-type_=mandatory-write_before_reading=False]" time="0.002"></testcase><testcase classname="pyfields.tests.test_core" file="pyfields/tests/test_core.py" line="20" name="test_field[read_only=True-type_=mandatory-write_before_reading=True]" time="0.002"></testcase><testcase classname="pyfields.tests.test_core" file="pyfields/tests/test_core.py" line="79" name="test_slots" time="0.001"></testcase><testcase classname="pyfields.tests.test_core" file="pyfields/tests/test_core.py" line="115" name="test_slots2" time="0.001"></testcase><testcase classname="pyfields.tests.test_core" file="pyfields/tests/test_core.py" line="127" name="test_default_factory" time="0.001"></testcase><testcase classname="pyfields.tests.test_core" file="pyfields/tests/test_core.py" line="161" name="test_type" time="0.001"></testcase><testcase classname="pyfields.tests.test_core" file="pyfields/tests/test_core.py" line="181" name="test_type_multiple_tuple" time="0.001"></testcase><testcase classname="pyfields.tests.test_core" file="pyfields/tests/test_core.py" line="211" name="test_type_multiple_typing" time="0.003"></testcase><testcase classname="pyfields.tests.test_core" file="pyfields/tests/test_core.py" line="235" name="test_type_from_pep484_annotations" time="0.000"><skipped message="class member annotations are not allowed before python 3.6" type="pytest.skip">pyfields/tests/test_core.py:236: class member annotations are not allowed before python 3.6</skipped></testcase><testcase classname="pyfields.tests.test_core" file="pyfields/tests/test_core.py" line="254" name="test_field_validators[case_nb=1]" time="0.003"></testcase><testcase classname="pyfields.tests.test_core" file="pyfields/tests/test_core.py" line="254" name="test_field_validators[case_nb=2]" time="0.003"></testcase><testcase classname="pyfields.tests.test_core" file="pyfields/tests/test_core.py" line="254" name="test_field_validators[case_nb=3]" time="0.003"></testcase><testcase classname="pyfields.tests.test_core" file="pyfields/tests/test_core.py" line="254" name="test_field_validators[case_nb=4]" time="0.004"></testcase><testcase classname="pyfields.tests.test_core" file="pyfields/tests/test_core.py" line="254" name="test_field_validators[case_nb=5]" time="0.004"></testcase><testcase classname="pyfields.tests.test_core" file="pyfields/tests/test_core.py" line="353" name="test_field_validators_decorator[explicit=False]" time="0.001"></testcase><testcase classname="pyfields.tests.test_core" file="pyfields/tests/test_core.py" line="353" name="test_field_validators_decorator[explicit=True]" time="0.002"></testcase><testcase classname="pyfields.tests.test_core" file="pyfields/tests/test_core.py" line="405" name="test_validator_not_compliant_with_native_field" time="0.001"></testcase><testcase classname="pyfields.tests.test_core" file="pyfields/tests/test_core.py" line="412" name="test_field_converters_decorator[explicit=False]" time="0.001"></testcase><testcase classname="pyfields.tests.test_core" file="pyfields/tests/test_core.py" line="412" name="test_field_converters_decorator[explicit=True]" time="0.002"></testcase><testcase classname="pyfields.tests.test_core" file="pyfields/tests/test_core.py" line="456" name="test_converter_not_compliant_with_native_field" time="0.001"></testcase><testcase classname="pyfields.tests.test_core" file="pyfields/tests/test_core.py" line="463" name="test_converters[format=single_converter-nbargs=1-validator_return_none=False]" time="0.002"></testcase><testcase classname="pyfields.tests.test_core" file="pyfields/tests/test_core.py" line="463" name="test_converters[format=single_converter-nbargs=1-validator_return_none=True]" time="0.002"></testcase><testcase classname="pyfields.tests.test_core" file="pyfields/tests/test_core.py" line="463" name="test_converters[format=single_converter-nbargs=2-validator_return_none=False]" time="0.002"></testcase><testcase classname="pyfields.tests.test_core" file="pyfields/tests/test_core.py" line="463" name="test_converters[format=single_converter-nbargs=2-validator_return_none=True]" time="0.002"></testcase><testcase classname="pyfields.tests.test_core" file="pyfields/tests/test_core.py" line="463" name="test_converters[format=single_converter-nbargs=3-validator_return_none=False]" time="0.002"></testcase><testcase classname="pyfields.tests.test_core" file="pyfields/tests/test_core.py" line="463" name="test_converters[format=single_converter-nbargs=3-validator_return_none=True]" time="0.002"></testcase><testcase classname="pyfields.tests.test_core" file="pyfields/tests/test_core.py" line="463" name="test_converters[format=single_fun-nbargs=1-validator_return_none=False]" time="0.002"></testcase><testcase classname="pyfields.tests.test_core" file="pyfields/tests/test_core.py" line="463" name="test_converters[format=single_fun-nbargs=1-validator_return_none=True]" time="0.002"></testcase><testcase classname="pyfields.tests.test_core" file="pyfields/tests/test_core.py" line="463" name="test_converters[format=single_fun-nbargs=2-validator_return_none=False]" time="0.007"></testcase><testcase classname="pyfields.tests.test_core" file="pyfields/tests/test_core.py" line="463" name="test_converters[format=single_fun-nbargs=2-validator_return_none=True]" time="0.003"></testcase><testcase classname="pyfields.tests.test_core" file="pyfields/tests/test_core.py" line="463" name="test_converters[format=single_fun-nbargs=3-validator_return_none=False]" time="0.003"></testcase><testcase classname="pyfields.tests.test_core" file="pyfields/tests/test_core.py" line="463" name="test_converters[format=single_fun-nbargs=3-validator_return_none=True]" time="0.003"></testcase><testcase classname="pyfields.tests.test_core" file="pyfields/tests/test_core.py" line="463" name="test_converters[format=(v_fun, c_fun)-nbargs=1-validator_return_none=False]" time="0.003"></testcase><testcase classname="pyfields.tests.test_core" file="pyfields/tests/test_core.py" line="463" name="test_converters[format=(v_fun, c_fun)-nbargs=1-validator_return_none=True]" time="0.002"></testcase><testcase classname="pyfields.tests.test_core" file="pyfields/tests/test_core.py" line="463" name="test_converters[format=(v_fun, c_fun)-nbargs=2-validator_return_none=False]" time="0.002"></testcase><testcase classname="pyfields.tests.test_core" file="pyfields/tests/test_core.py" line="463" name="test_converters[format=(v_fun, c_fun)-nbargs=2-validator_return_none=True]" time="0.003"></testcase><testcase classname="pyfields.tests.test_core" file="pyfields/tests/test_core.py" line="463" name="test_converters[format=(v_fun, c_fun)-nbargs=3-validator_return_none=False]" time="0.002"></testcase><testcase classname="pyfields.tests.test_core" file="pyfields/tests/test_core.py" line="463" name="test_converters[format=(v_fun, c_fun)-nbargs=3-validator_return_none=True]" time="0.002"></testcase><testcase classname="pyfields.tests.test_core" file="pyfields/tests/test_core.py" line="463" name="test_converters[format=(v_type, c_fun)-nbargs=1-validator_return_none=False]" time="0.002"></testcase><testcase classname="pyfields.tests.test_core" file="pyfields/tests/test_core.py" line="463" name="test_converters[format=(v_type, c_fun)-nbargs=1-validator_return_none=True]" time="0.002"></testcase><testcase classname="pyfields.tests.test_core" file="pyfields/tests/test_core.py" line="463" name="test_converters[format=(v_type, c_fun)-nbargs=2-validator_return_none=False]" time="0.002"></testcase><testcase classname="pyfields.tests.test_core" file="pyfields/tests/test_core.py" line="463" name="test_converters[format=(v_type, c_fun)-nbargs=2-validator_return_none=True]" time="0.002"></testcase><testcase classname="pyfields.tests.test_core" file="pyfields/tests/test_core.py" line="463" name="test_converters[format=(v_type, c_fun)-nbargs=3-validator_return_none=False]" time="0.002"></testcase><testcase classname="pyfields.tests.test_core" file="pyfields/tests/test_core.py" line="463" name="test_converters[format=(v_type, c_fun)-nbargs=3-validator_return_none=True]" time="0.002"></testcase><testcase classname="pyfields.tests.test_core" file="pyfields/tests/test_core.py" line="463" name="test_converters[format=(joker, c_fun)-nbargs=1-validator_return_none=False]" time="0.002"></testcase><testcase classname="pyfields.tests.test_core" file="pyfields/tests/test_core.py" line="463" name="test_converters[format=(joker, c_fun)-nbargs=1-validator_return_none=True]" time="0.002"></testcase><testcase classname="pyfields.tests.test_core" file="pyfields/tests/test_core.py" line="463" name="test_converters[format=(joker, c_fun)-nbargs=2-validator_return_none=False]" time="0.002"></testcase><testcase classname="pyfields.tests.test_core" file="pyfields/tests/test_core.py" line="463" name="test_converters[format=(joker, c_fun)-nbargs=2-validator_return_none=True]" time="0.002"></testcase><testcase classname="pyfields.tests.test_core" file="pyfields/tests/test_core.py" line="463" name="test_converters[format=(joker, c_fun)-nbargs=3-validator_return_none=False]" time="0.002"></testcase><testcase classname="pyfields.tests.test_core" file="pyfields/tests/test_core.py" line="463" name="test_converters[format=(joker, c_fun)-nbargs=3-validator_return_none=True]" time="0.002"></testcase><testcase classname="pyfields.tests.test_core" file="pyfields/tests/test_core.py" line="463" name="test_converters[format=(None, c_fun)-nbargs=1-validator_return_none=False]" time="0.002"></testcase><testcase classname="pyfields.tests.test_core" file="pyfields/tests/test_core.py" line="463" name="test_converters[format=(None, c_fun)-nbargs=1-validator_return_none=True]" time="0.002"></testcase><testcase classname="pyfields.tests.test_core" file="pyfields/tests/test_core.py" line="463" name="test_converters[format=(None, c_fun)-nbargs=2-validator_return_none=False]" time="0.002"></testcase><testcase classname="pyfields.tests.test_core" file="pyfields/tests/test_core.py" line="463" name="test_converters[format=(None, c_fun)-nbargs=2-validator_return_none=True]" time="0.002"></testcase><testcase classname="pyfields.tests.test_core" file="pyfields/tests/test_core.py" line="463" name="test_converters[format=(None, c_fun)-nbargs=3-validator_return_none=False]" time="0.002"></testcase><testcase classname="pyfields.tests.test_core" file="pyfields/tests/test_core.py" line="463" name="test_converters[format=(None, c_fun)-nbargs=3-validator_return_none=True]" time="0.002"></testcase><testcase classname="pyfields.tests.test_core" file="pyfields/tests/test_core.py" line="463" name="test_converters[format={v_fun: c_fun}-nbargs=1-validator_return_none=False]" time="0.002"></testcase><testcase classname="pyfields.tests.test_core" file="pyfields/tests/test_core.py" line="463" name="test_converters[format={v_fun: c_fun}-nbargs=1-validator_return_none=True]" time="0.002"></testcase><testcase classname="pyfields.tests.test_core" file="pyfields/tests/test_core.py" line="463" name="test_converters[format={v_fun: c_fun}-nbargs=2-validator_return_none=False]" time="0.002"></testcase><testcase classname="pyfields.tests.test_core" file="pyfields/tests/test_core.py" line="463" name="test_converters[format={v_fun: c_fun}-nbargs=2-validator_return_none=True]" time="0.002"></testcase><testcase classname="pyfields.tests.test_core" file="pyfields/tests/test_core.py" line="463" name="test_converters[format={v_fun: c_fun}-nbargs=3-validator_return_none=False]" time="0.002"></testcase><testcase classname="pyfields.tests.test_core" file="pyfields/tests/test_core.py" line="463" name="test_converters[format={v_fun: c_fun}-nbargs=3-validator_return_none=True]" time="0.032"></testcase><testcase classname="pyfields.tests.test_core" file="pyfields/tests/test_core.py" line="463" name="test_converters[format={v_type: c_fun}-nbargs=1-validator_return_none=False]" time="0.003"></testcase><testcase classname="pyfields.tests.test_core" file="pyfields/tests/test_core.py" line="463" name="test_converters[format={v_type: c_fun}-nbargs=1-validator_return_none=True]" time="0.002"></testcase><testcase classname="pyfields.tests.test_core" file="pyfields/tests/test_core.py" line="463" name="test_converters[format={v_type: c_fun}-nbargs=2-validator_return_none=False]" time="0.002"></testcase><testcase classname="pyfields.tests.test_core" file="pyfields/tests/test_core.py" line="463" name="test_converters[format={v_type: c_fun}-nbargs=2-validator_return_none=True]" time="0.002"></testcase><testcase classname="pyfields.tests.test_core" file="pyfields/tests/test_core.py" line="463" name="test_converters[format={v_type: c_fun}-nbargs=3-validator_return_none=False]" time="0.003"></testcase><testcase classname="pyfields.tests.test_core" file="pyfields/tests/test_core.py" line="463" name="test_converters[format={v_type: c_fun}-nbargs=3-validator_return_none=True]" time="0.003"></testcase><testcase classname="pyfields.tests.test_core" file="pyfields/tests/test_core.py" line="463" name="test_converters[format={joker: c_fun}-nbargs=1-validator_return_none=False]" time="0.003"></testcase><testcase classname="pyfields.tests.test_core" file="pyfields/tests/test_core.py" line="463" name="test_converters[format={joker: c_fun}-nbargs=1-validator_return_none=True]" time="0.002"></testcase><testcase classname="pyfields.tests.test_core" file="pyfields/tests/test_core.py" line="463" name="test_converters[format={joker: c_fun}-nbargs=2-validator_return_none=False]" time="0.002"></testcase><testcase classname="pyfields.tests.test_core" file="pyfields/tests/test_core.py" line="463" name="test_converters[format={joker: c_fun}-nbargs=2-validator_return_none=True]" time="0.002"></testcase><testcase classname="pyfields.tests.test_core" file="pyfields/tests/test_core.py" line="463" name="test_converters[format={joker: c_fun}-nbargs=3-validator_return_none=False]" time="0.002"></testcase><testcase classname="pyfields.tests.test_core" file="pyfields/tests/test_core.py" line="463" name="test_converters[format={joker: c_fun}-nbargs=3-validator_return_none=True]" time="0.002"></testcase><testcase classname="pyfields.tests.test_core" file="pyfields/tests/test_core.py" line="463" name="test_converters[format={None: c_fun}-nbargs=1-validator_return_none=False]" time="0.002"></testcase><testcase classname="pyfields.tests.test_core" file="pyfields/tests/test_core.py" line="463" name="test_converters[format={None: c_fun}-nbargs=1-validator_return_none=True]" time="0.002"></testcase><testcase classname="pyfields.tests.test_core" file="pyfields/tests/test_core.py" line="463" name="test_converters[format={None: c_fun}-nbargs=2-validator_return_none=False]" time="0.002"></testcase><testcase classname="pyfields.tests.test_core" file="pyfields/tests/test_core.py" line="463" name="test_converters[format={None: c_fun}-nbargs=2-validator_return_none=True]" time="0.002"></testcase><testcase classname="pyfields.tests.test_core" file="pyfields/tests/test_core.py" line="463" name="test_converters[format={None: c_fun}-nbargs=3-validator_return_none=False]" time="0.004"></testcase><testcase classname="pyfields.tests.test_core" file="pyfields/tests/test_core.py" line="463" name="test_converters[format={None: c_fun}-nbargs=3-validator_return_none=True]" time="0.004"></testcase><testcase classname="pyfields.tests.test_core" file="pyfields/tests/test_core.py" line="616" name="test_inheritance" time="0.002"></testcase><testcase classname="pyfields.tests.test_core" file="pyfields/tests/test_core.py" line="641" name="test_pickle" time="0.003"></testcase><testcase classname="pyfields.tests.test_core" file="pyfields/tests/test_core.py" line="650" name="test_default_validated[use_factory=simple-check_type=False]" time="0.003"></testcase><testcase classname="pyfields.tests.test_core" file="pyfields/tests/test_core.py" line="650" name="test_default_validated[use_factory=simple-check_type=True]" time="0.004"></testcase><testcase classname="pyfields.tests.test_core" file="pyfields/tests/test_core.py" line="650" name="test_default_validated[use_factory=copy_value-check_type=False]" time="0.004"></testcase><testcase classname="pyfields.tests.test_core" file="pyfields/tests/test_core.py" line="650" name="test_default_validated[use_factory=copy_value-check_type=True]" time="0.002"></testcase><testcase classname="pyfields.tests.test_core" file="pyfields/tests/test_core.py" line="650" name="test_default_validated[use_factory=factory_function-check_type=False]" time="0.005"></testcase><testcase classname="pyfields.tests.test_core" file="pyfields/tests/test_core.py" line="650" name="test_default_validated[use_factory=factory_function-check_type=True]" time="0.002"></testcase><testcase classname="pyfields.tests.test_init" file="pyfields/tests/test_init.py" line="11" name="test_init_all_methods[py36_style_type_hints=False-explicit_list=False-init_type=inject_fields-native=False]" time="0.002"></testcase><testcase classname="pyfields.tests.test_init" file="pyfields/tests/test_init.py" line="11" name="test_init_all_methods[py36_style_type_hints=False-explicit_list=False-init_type=inject_fields-native=True]" time="0.002"></testcase><testcase classname="pyfields.tests.test_init" file="pyfields/tests/test_init.py" line="11" name="test_init_all_methods[py36_style_type_hints=False-explicit_list=False-init_type=make_init-native=False]" time="0.002"></testcase><testcase classname="pyfields.tests.test_init" file="pyfields/tests/test_init.py" line="11" name="test_init_all_methods[py36_style_type_hints=False-explicit_list=False-init_type=make_init-native=True]" time="0.002"></testcase><testcase classname="pyfields.tests.test_init" file="pyfields/tests/test_init.py" line="11" name="test_init_all_methods[py36_style_type_hints=False-explicit_list=False-init_type=make_init_with_postinit-native=False]" time="0.002"></testcase><testcase classname="pyfields.tests.test_init" file="pyfields/tests/test_init.py" line="11" name="test_init_all_methods[py36_style_type_hints=False-explicit_list=False-init_type=make_init_with_postinit-native=True]" time="0.002"></testcase><testcase classname="pyfields.tests.test_init" file="pyfields/tests/test_init.py" line="11" name="test_init_all_methods[py36_style_type_hints=False-explicit_list=True-init_type=inject_fields-native=False]" time="0.002"></testcase><testcase classname="pyfields.tests.test_init" file="pyfields/tests/test_init.py" line="11" name="test_init_all_methods[py36_style_type_hints=False-explicit_list=True-init_type=inject_fields-native=True]" time="0.002"></testcase><testcase classname="pyfields.tests.test_init" file="pyfields/tests/test_init.py" line="11" name="test_init_all_methods[py36_style_type_hints=False-explicit_list=True-init_type=make_init-native=False]" time="0.002"></testcase><testcase classname="pyfields.tests.test_init" file="pyfields/tests/test_init.py" line="11" name="test_init_all_methods[py36_style_type_hints=False-explicit_list=True-init_type=make_init-native=True]" time="0.002"></testcase><testcase classname="pyfields.tests.test_init" file="pyfields/tests/test_init.py" line="11" name="test_init_all_methods[py36_style_type_hints=False-explicit_list=True-init_type=make_init_with_postinit-native=False]" time="0.002"></testcase><testcase classname="pyfields.tests.test_init" file="pyfields/tests/test_init.py" line="11" name="test_init_all_methods[py36_style_type_hints=False-explicit_list=True-init_type=make_init_with_postinit-native=True]" time="0.002"></testcase><testcase classname="pyfields.tests.test_init" file="pyfields/tests/test_init.py" line="11" name="test_init_all_methods[py36_style_type_hints=True-explicit_list=False-init_type=inject_fields-native=False]" time="0.001"><skipped message="&lt;Skipped instance&gt;" type="pytest.skip">/home/travis/build/smarie/python-pyfields/pyfields/tests/test_init.py:21: &lt;Skipped instance&gt;</skipped></testcase><testcase classname="pyfields.tests.test_init" file="pyfields/tests/test_init.py" line="11" name="test_init_all_methods[py36_style_type_hints=True-explicit_list=False-init_type=inject_fields-native=True]" time="0.001"><skipped message="&lt;Skipped instance&gt;" type="pytest.skip">/home/travis/build/smarie/python-pyfields/pyfields/tests/test_init.py:21: &lt;Skipped instance&gt;</skipped></testcase><testcase classname="pyfields.tests.test_init" file="pyfields/tests/test_init.py" line="11" name="test_init_all_methods[py36_style_type_hints=True-explicit_list=False-init_type=make_init-native=False]" time="0.002"><skipped message="&lt;Skipped instance&gt;" type="pytest.skip">/home/travis/build/smarie/python-pyfields/pyfields/tests/test_init.py:21: &lt;Skipped instance&gt;</skipped></testcase><testcase classname="pyfields.tests.test_init" file="pyfields/tests/test_init.py" line="11" name="test_init_all_methods[py36_style_type_hints=True-explicit_list=False-init_type=make_init-native=True]" time="0.002"><skipped message="&lt;Skipped instance&gt;" type="pytest.skip">/home/travis/build/smarie/python-pyfields/pyfields/tests/test_init.py:21: &lt;Skipped instance&gt;</skipped></testcase><testcase classname="pyfields.tests.test_init" file="pyfields/tests/test_init.py" line="11" name="test_init_all_methods[py36_style_type_hints=True-explicit_list=False-init_type=make_init_with_postinit-native=False]" time="0.001"><skipped message="&lt;Skipped instance&gt;" type="pytest.skip">/home/travis/build/smarie/python-pyfields/pyfields/tests/test_init.py:21: &lt;Skipped instance&gt;</skipped></testcase><testcase classname="pyfields.tests.test_init" file="pyfields/tests/test_init.py" line="11" name="test_init_all_methods[py36_style_type_hints=True-explicit_list=False-init_type=make_init_with_postinit-native=True]" time="0.005"><skipped message="&lt;Skipped instance&gt;" type="pytest.skip">/home/travis/build/smarie/python-pyfields/pyfields/tests/test_init.py:21: &lt;Skipped instance&gt;</skipped></testcase><testcase classname="pyfields.tests.test_init" file="pyfields/tests/test_init.py" line="11" name="test_init_all_methods[py36_style_type_hints=True-explicit_list=True-init_type=inject_fields-native=False]" time="0.003"><skipped message="&lt;Skipped instance&gt;" type="pytest.skip">/home/travis/build/smarie/python-pyfields/pyfields/tests/test_init.py:21: &lt;Skipped instance&gt;</skipped></testcase><testcase classname="pyfields.tests.test_init" file="pyfields/tests/test_init.py" line="11" name="test_init_all_methods[py36_style_type_hints=True-explicit_list=True-init_type=inject_fields-native=True]" time="0.001"><skipped message="&lt;Skipped instance&gt;" type="pytest.skip">/home/travis/build/smarie/python-pyfields/pyfields/tests/test_init.py:21: &lt;Skipped instance&gt;</skipped></testcase><testcase classname="pyfields.tests.test_init" file="pyfields/tests/test_init.py" line="11" name="test_init_all_methods[py36_style_type_hints=True-explicit_list=True-init_type=make_init-native=False]" time="0.002"><skipped message="&lt;Skipped instance&gt;" type="pytest.skip">/home/travis/build/smarie/python-pyfields/pyfields/tests/test_init.py:21: &lt;Skipped instance&gt;</skipped></testcase><testcase classname="pyfields.tests.test_init" file="pyfields/tests/test_init.py" line="11" name="test_init_all_methods[py36_style_type_hints=True-explicit_list=True-init_type=make_init-native=True]" time="0.001"><skipped message="&lt;Skipped instance&gt;" type="pytest.skip">/home/travis/build/smarie/python-pyfields/pyfields/tests/test_init.py:21: &lt;Skipped instance&gt;</skipped></testcase><testcase classname="pyfields.tests.test_init" file="pyfields/tests/test_init.py" line="11" name="test_init_all_methods[py36_style_type_hints=True-explicit_list=True-init_type=make_init_with_postinit-native=False]" time="0.001"><skipped message="&lt;Skipped instance&gt;" type="pytest.skip">/home/travis/build/smarie/python-pyfields/pyfields/tests/test_init.py:21: &lt;Skipped instance&gt;</skipped></testcase><testcase classname="pyfields.tests.test_init" file="pyfields/tests/test_init.py" line="11" name="test_init_all_methods[py36_style_type_hints=True-explicit_list=True-init_type=make_init_with_postinit-native=True]" time="0.003"><skipped message="&lt;Skipped instance&gt;" type="pytest.skip">/home/travis/build/smarie/python-pyfields/pyfields/tests/test_init.py:21: &lt;Skipped instance&gt;</skipped></testcase><testcase classname="pyfields.tests.test_init" file="pyfields/tests/test_init.py" line="112" name="test_init_partial_fields" time="0.003"></testcase><testcase classname="pyfields.tests.test_init" file="pyfields/tests/test_init.py" line="135" name="test_init_order" time="0.004"></testcase><testcase classname="pyfields.tests.test_init" file="pyfields/tests/test_init.py" line="150" name="test_init_order2[ancestor_first=None]" time="0.009"></testcase><testcase classname="pyfields.tests.test_init" file="pyfields/tests/test_init.py" line="150" name="test_init_order2[ancestor_first=False]" time="0.007"></testcase><testcase classname="pyfields.tests.test_init" file="pyfields/tests/test_init.py" line="150" name="test_init_order2[ancestor_first=True]" time="0.007"></testcase><testcase classname="pyfields.tests.test_init" file="pyfields/tests/test_init.py" line="195" name="test_init_inheritance" time="0.002"></testcase><testcase classname="pyfields.tests.test_readme" file="pyfields/tests/test_readme.py" line="14" name="test_lazy_fields" time="0.002"></testcase><testcase classname="pyfields.tests.test_readme" file="pyfields/tests/test_readme.py" line="44" name="test_default_factory[use_decorator=False]" time="0.001"></testcase><testcase classname="pyfields.tests.test_readme" file="pyfields/tests/test_readme.py" line="44" name="test_default_factory[use_decorator=True]" time="0.001"></testcase><testcase classname="pyfields.tests.test_readme" file="pyfields/tests/test_readme.py" line="73" name="test_readonly_field" time="0.001"></testcase><testcase classname="pyfields.tests.test_readme" file="pyfields/tests/test_readme.py" line="97" name="test_type_validation[py36_style_type_hints=False]" time="0.001"></testcase><testcase classname="pyfields.tests.test_readme" file="pyfields/tests/test_readme.py" line="97" name="test_type_validation[py36_style_type_hints=True]" time="0.001"><skipped message="&lt;Skipped instance&gt;" type="pytest.skip">/home/travis/build/smarie/python-pyfields/pyfields/tests/test_readme.py:102: &lt;Skipped instance&gt;</skipped></testcase><testcase classname="pyfields.tests.test_readme" file="pyfields/tests/test_readme.py" line="118" name="test_value_validation[py36_style_type_hints=False]" time="0.003"></testcase><testcase classname="pyfields.tests.test_readme" file="pyfields/tests/test_readme.py" line="118" name="test_value_validation[py36_style_type_hints=True]" time="0.001"><skipped message="&lt;Skipped instance&gt;" type="pytest.skip">/home/travis/build/smarie/python-pyfields/pyfields/tests/test_readme.py:125: &lt;Skipped instance&gt;</skipped></testcase><testcase classname="pyfields.tests.test_readme" file="pyfields/tests/test_readme.py" line="157" name="test_value_validation_advanced[py36_style_type_hints=False]" time="0.003"></testcase><testcase classname="pyfields.tests.test_readme" file="pyfields/tests/test_readme.py" line="157" name="test_value_validation_advanced[py36_style_type_hints=True]" time="0.002"><skipped message="&lt;Skipped instance&gt;" type="pytest.skip">/home/travis/build/smarie/python-pyfields/pyfields/tests/test_readme.py:170: &lt;Skipped instance&gt;</skipped></testcase><testcase classname="pyfields.tests.test_readme" file="pyfields/tests/test_readme.py" line="198" name="test_nonable_fields[declaration=typing]" time="0.004"></testcase><testcase classname="pyfields.tests.test_readme" file="pyfields/tests/test_readme.py" line="198" name="test_nonable_fields[declaration=default_value]" time="0.002"></testcase><testcase classname="pyfields.tests.test_readme" file="pyfields/tests/test_readme.py" line="198" name="test_nonable_fields[declaration=explicit_nonable]" time="0.002"></testcase><testcase classname="pyfields.tests.test_readme" file="pyfields/tests/test_readme.py" line="242" name="test_native_descriptors" time="3.428"></testcase><testcase classname="pyfields.tests.test_readme" file="pyfields/tests/test_readme.py" line="289" name="test_make_init_full_defaults" time="0.007"></testcase><testcase classname="pyfields.tests.test_readme" file="pyfields/tests/test_readme.py" line="308" name="test_make_init_with_explicit_list" time="0.008"></testcase><testcase classname="pyfields.tests.test_readme" file="pyfields/tests/test_readme.py" line="321" name="test_make_init_with_inheritance" time="0.006"></testcase><testcase classname="pyfields.tests.test_readme" file="pyfields/tests/test_readme.py" line="337" name="test_make_init_callback" time="0.002"></testcase><testcase classname="pyfields.tests.test_readme" file="pyfields/tests/test_readme.py" line="358" name="test_init_fields" time="0.005"></testcase><testcase classname="pyfields.tests.test_readme" file="pyfields/tests/test_readme.py" line="396" name="test_autofields_readme" time="0.001"><skipped message="python &lt; 3.6 does not support class member type hints" type="pytest.skip">pyfields/tests/test_readme.py:397: python &lt; 3.6 does not support class member type hints</skipped></testcase><testcase classname="pyfields.tests.test_so" file="pyfields/tests/test_so.py" line="10" name="test_so0" time="0.002"></testcase><testcase classname="pyfields.tests.test_so" file="pyfields/tests/test_so.py" line="35" name="test_so1" time="0.002"></testcase><testcase classname="pyfields.tests.test_so" file="pyfields/tests/test_so.py" line="60" name="test_so2" time="0.002"></testcase><testcase classname="pyfields.tests.test_so" file="pyfields/tests/test_so.py" line="79" name="test_so3" time="0.002"></testcase><testcase classname="pyfields.tests.test_so" file="pyfields/tests/test_so.py" line="97" name="test_so4" time="0.003"></testcase><testcase classname="pyfields.tests.test_so" file="pyfields/tests/test_so.py" line="133" name="test_so5" time="0.002"></testcase><testcase classname="pyfields.tests.test_so" file="pyfields/tests/test_so.py" line="169" name="test_so6" time="0.003"></testcase><testcase classname="pyfields.tests.test_so" file="pyfields/tests/test_so.py" line="192" name="test_so7" time="0.002"></testcase><testcase classname="pyfields.tests.issues.test_issue_51" file="pyfields/tests/issues/test_issue_51.py" line="8" name="test_issue_51" time="0.000"><skipped message="member type hints not supported in python &lt; 3.6" type="pytest.skip">pyfields/tests/issues/test_issue_51.py:9: member type hints not supported in python &lt; 3.6</skipped></testcase><testcase classname="pyfields.tests.issues.test_issue_53" file="pyfields/tests/issues/test_issue_53.py" line="7" name="test_issue_53" time="0.007"></testcase></testsuite></testsuites>